#
# There is insufficient memory for the Java Runtime Environment to continue.
# Native memory allocation (mmap) failed to map 123731968 bytes for G1 virtual space
# Possible reasons:
#   The system is out of physical RAM or swap space
#   The process is running with CompressedOops enabled, and the Java Heap may be blocking the growth of the native heap
# Possible solutions:
#   Reduce memory load on the system
#   Increase physical memory or swap space
#   Check if swap backing store is full
#   Decrease Java heap size (-Xmx/-Xms)
#   Decrease number of Java threads
#   Decrease Java thread stack sizes (-Xss)
#   Set larger code cache with -XX:ReservedCodeCacheSize=
#   JVM is running with Unscaled Compressed Oops mode in which the Java heap is
#     placed in the first 4GB address space. The Java Heap base address is the
#     maximum limit for the native heap growth. Please use -XX:HeapBaseMinAddress
#     to set the Java Heap base and to place the Java Heap above 4GB virtual address.
# This output file may be truncated or incomplete.
#
#  Out of Memory Error (os_windows.cpp:3469), pid=25492, tid=21376
#
# JRE version:  (17.0.1+12) (build )
# Java VM: Java HotSpot(TM) 64-Bit Server VM (17.0.1+12-LTS-39, mixed mode, sharing, tiered, compressed oops, compressed class ptrs, g1 gc, windows-amd64)
# No core dump will be written. Minidumps are not enabled by default on client versions of Windows
#

---------------  S U M M A R Y ------------

Command Line: -XX:+ShowCodeDetailsInExceptionMessages com.example.demo.DemoApplication

Host: AMD Ryzen 5 4600H with Radeon Graphics         , 12 cores, 7G,  Windows 10 , 64 bit Build 22621 (10.0.22621.3958)
Time: Mon Sep 30 17:04:59 2024 SA Pacific Standard Time elapsed time: 0.025776 seconds (0d 0h 0m 0s)

---------------  T H R E A D  ---------------

Current thread (0x0000021b95787190):  JavaThread "Unknown thread" [_thread_in_vm, id=21376, stack(0x000000d042a00000,0x000000d042b00000)]

Stack: [0x000000d042a00000,0x000000d042b00000]
Native frames: (J=compiled Java code, j=interpreted, Vv=VM code, C=native code)
V  [jvm.dll+0x66fa1a]
V  [jvm.dll+0x7ce5a4]
V  [jvm.dll+0x7cfd4e]
V  [jvm.dll+0x7d03b3]
V  [jvm.dll+0x242b05]
V  [jvm.dll+0x66ca39]
V  [jvm.dll+0x661502]
V  [jvm.dll+0x30081b]
V  [jvm.dll+0x307da6]
V  [jvm.dll+0x357a1e]
V  [jvm.dll+0x357c4f]
V  [jvm.dll+0x2d7ad8]
V  [jvm.dll+0x2d8a44]
V  [jvm.dll+0x7a01e1]
V  [jvm.dll+0x365791]
V  [jvm.dll+0x77f6cc]
V  [jvm.dll+0x3e812f]
V  [jvm.dll+0x3e9bd1]
C  [jli.dll+0x527b]
C  [ucrtbase.dll+0x29333]
C  [KERNEL32.DLL+0x1257d]
C  [ntdll.dll+0x5af28]


---------------  P R O C E S S  ---------------

Threads class SMR info:
_java_thread_list=0x00007fff4e907818, length=0, elements={
}

Java Threads: ( => current thread )

Other Threads:
  0x0000021b957cf910 GCTaskThread "GC Thread#0" [stack: 0x000000d042b00000,0x000000d042c00000] [id=26912]
  0x0000021b957e0070 ConcurrentGCThread "G1 Main Marker" [stack: 0x000000d042c00000,0x000000d042d00000] [id=18148]
  0x0000021b957e1a30 ConcurrentGCThread "G1 Conc#0" [stack: 0x000000d042d00000,0x000000d042e00000] [id=26096]

[error occurred during error reporting (printing all threads), id 0xc0000005, EXCEPTION_ACCESS_VIOLATION (0xc0000005) at pc=0x00007fff4e1584b7]

VM state: not at safepoint (not fully initialized)

VM Mutex/Monitor currently owned by a thread:  ([mutex/lock_event])
[0x0000021b95783270] Heap_lock - owner thread: 0x0000021b95787190

Heap address: 0x000000008a000000, size: 1888 MB, Compressed Oops mode: 32-bit

CDS archive(s) mapped at: [0x0000000000000000-0x0000000000000000-0x0000000000000000), size 0, SharedBaseAddress: 0x0000000800000000, ArchiveRelocationMode: 0.
Narrow klass base: 0x0000000000000000, Narrow klass shift: 0, Narrow klass range: 0x0

GC Precious Log:
<Empty>

Heap:
 garbage-first heap   total 0K, used 0K [0x000000008a000000, 0x0000000100000000)
  region size 1024K, 0 young (0K), 0 survivors (0K)

[error occurred during error reporting (printing heap information), id 0xc0000005, EXCEPTION_ACCESS_VIOLATION (0xc0000005) at pc=0x00007fff4e538d89]

GC Heap History (0 events):
No events

Deoptimization events (0 events):
No events

Classes unloaded (0 events):
No events

Classes redefined (0 events):
No events

Internal exceptions (0 events):
No events

VM Operations (0 events):
No events

Events (1 events):
Event: 0.013 Loaded shared library C:\Program Files\Java\jdk-17.0.1\bin\java.dll


Dynamic libraries:
0x00007ff783b30000 - 0x00007ff783b40000 	C:\Program Files\Java\jdk-17.0.1\bin\java.exe
0x00007fffad270000 - 0x00007fffad487000 	C:\WINDOWS\SYSTEM32\ntdll.dll
0x00007fffac690000 - 0x00007fffac754000 	C:\WINDOWS\System32\KERNEL32.DLL
0x00007fffaaa40000 - 0x00007fffaaded000 	C:\WINDOWS\System32\KERNELBASE.dll
0x00007fffaa750000 - 0x00007fffaa861000 	C:\WINDOWS\System32\ucrtbase.dll
0x00007fff4f3f0000 - 0x00007fff4f40a000 	C:\Program Files\Java\jdk-17.0.1\bin\VCRUNTIME140.dll
0x00007fff4f3d0000 - 0x00007fff4f3e8000 	C:\Program Files\Java\jdk-17.0.1\bin\jli.dll
0x00007fffac460000 - 0x00007fffac512000 	C:\WINDOWS\System32\ADVAPI32.dll
0x00007fffac200000 - 0x00007fffac2a7000 	C:\WINDOWS\System32\msvcrt.dll
0x00007fffac150000 - 0x00007fffac1f9000 	C:\WINDOWS\System32\sechost.dll
0x00007fffaaa10000 - 0x00007fffaaa38000 	C:\WINDOWS\System32\bcrypt.dll
0x00007fffac9a0000 - 0x00007fffacab4000 	C:\WINDOWS\System32\RPCRT4.dll
0x00007fffaced0000 - 0x00007fffad07e000 	C:\WINDOWS\System32\USER32.dll
0x00007fffaa9e0000 - 0x00007fffaaa06000 	C:\WINDOWS\System32\win32u.dll
0x00007fffac890000 - 0x00007fffac8b9000 	C:\WINDOWS\System32\GDI32.dll
0x00007fff96e50000 - 0x00007fff970e3000 	C:\WINDOWS\WinSxS\amd64_microsoft.windows.common-controls_6595b64144ccf1df_6.0.22621.3672_none_2713b9d173822955\COMCTL32.dll
0x00007fffaa590000 - 0x00007fffaa6a9000 	C:\WINDOWS\System32\gdi32full.dll
0x00007fffaa6b0000 - 0x00007fffaa74a000 	C:\WINDOWS\System32\msvcp_win.dll
0x00007fffa1bb0000 - 0x00007fffa1bba000 	C:\WINDOWS\SYSTEM32\VERSION.dll
0x00007fffac110000 - 0x00007fffac141000 	C:\WINDOWS\System32\IMM32.DLL
0x00007fff749a0000 - 0x00007fff749ac000 	C:\Program Files\Java\jdk-17.0.1\bin\vcruntime140_1.dll
0x00007fff4f340000 - 0x00007fff4f3cd000 	C:\Program Files\Java\jdk-17.0.1\bin\msvcp140.dll
0x00007fff4de70000 - 0x00007fff4ea2e000 	C:\Program Files\Java\jdk-17.0.1\bin\server\jvm.dll
0x00007fffaafc0000 - 0x00007fffaafc8000 	C:\WINDOWS\System32\PSAPI.DLL
0x00007fffa4a20000 - 0x00007fffa4a54000 	C:\WINDOWS\SYSTEM32\WINMM.dll
0x00007fff86c70000 - 0x00007fff86c79000 	C:\WINDOWS\SYSTEM32\WSOCK32.dll
0x00007fffac520000 - 0x00007fffac591000 	C:\WINDOWS\System32\WS2_32.dll
0x00007fffa9630000 - 0x00007fffa9648000 	C:\WINDOWS\SYSTEM32\kernel.appcore.dll
0x00007fff748f0000 - 0x00007fff748fa000 	C:\Program Files\Java\jdk-17.0.1\bin\jimage.dll
0x00007fffa80e0000 - 0x00007fffa8312000 	C:\WINDOWS\SYSTEM32\DBGHELP.DLL
0x00007fffacac0000 - 0x00007ffface4e000 	C:\WINDOWS\System32\combase.dll
0x00007fffac8c0000 - 0x00007fffac997000 	C:\WINDOWS\System32\OLEAUT32.dll
0x00007fff92800000 - 0x00007fff92832000 	C:\WINDOWS\SYSTEM32\dbgcore.DLL
0x00007fffaadf0000 - 0x00007fffaae6b000 	C:\WINDOWS\System32\bcryptPrimitives.dll
0x00007fff4f310000 - 0x00007fff4f335000 	C:\Program Files\Java\jdk-17.0.1\bin\java.dll

dbghelp: loaded successfully - version: 4.0.5 - missing functions: none
symbol engine: initialized successfully - sym options: 0x614 - pdb path: .;C:\Program Files\Java\jdk-17.0.1\bin;C:\WINDOWS\SYSTEM32;C:\WINDOWS\WinSxS\amd64_microsoft.windows.common-controls_6595b64144ccf1df_6.0.22621.3672_none_2713b9d173822955;C:\Program Files\Java\jdk-17.0.1\bin\server

VM Arguments:
jvm_args: -XX:+ShowCodeDetailsInExceptionMessages 
java_command: com.example.demo.DemoApplication
java_class_path (initial): D:\Masters\Software Arch\demo\target\classes;C:\Users\Shreyas Gaikwad\.m2\repository\org\mongodb\mongodb-driver-sync\5.2.0\mongodb-driver-sync-5.2.0.jar;C:\Users\Shreyas Gaikwad\.m2\repository\org\mongodb\bson\5.0.1\bson-5.0.1.jar;C:\Users\Shreyas Gaikwad\.m2\repository\org\mongodb\mongodb-driver-core\5.0.1\mongodb-driver-core-5.0.1.jar;C:\Users\Shreyas Gaikwad\.m2\repository\org\mongodb\bson-record-codec\5.0.1\bson-record-codec-5.0.1.jar;C:\Users\Shreyas Gaikwad\.m2\repository\org\springframework\boot\spring-boot-starter-thymeleaf\3.3.4\spring-boot-starter-thymeleaf-3.3.4.jar;C:\Users\Shreyas Gaikwad\.m2\repository\org\springframework\boot\spring-boot-starter\3.3.4\spring-boot-starter-3.3.4.jar;C:\Users\Shreyas Gaikwad\.m2\repository\org\springframework\boot\spring-boot\3.3.4\spring-boot-3.3.4.jar;C:\Users\Shreyas Gaikwad\.m2\repository\org\springframework\boot\spring-boot-autoconfigure\3.3.4\spring-boot-autoconfigure-3.3.4.jar;C:\Users\Shreyas Gaikwad\.m2\repository\org\springframework\boot\spring-boot-starter-logging\3.3.4\spring-boot-starter-logging-3.3.4.jar;C:\Users\Shreyas Gaikwad\.m2\repository\ch\qos\logback\logback-classic\1.5.8\logback-classic-1.5.8.jar;C:\Users\Shreyas Gaikwad\.m2\repository\ch\qos\logback\logback-core\1.5.8\logback-core-1.5.8.jar;C:\Users\Shreyas Gaikwad\.m2\repository\org\apache\logging\log4j\log4j-to-slf4j\2.23.1\log4j-to-slf4j-2.23.1.jar;C:\Users\Shreyas Gaikwad\.m2\repository\org\apache\logging\log4j\log4j-api\2.23.1\log4j-api-2.23.1.jar;C:\Users\Shreyas Gaikwad\.m2\repository\org\slf4j\jul-to-slf4j\2.0.16\jul-to-slf4j-2.0.16.jar;C:\Users\Shreyas Gaikwad\.m2\repository\jakarta\annotation\jakarta.annotation-api\2.1.1\jakarta.annotation-api-2.1.1.jar;C:\Users\Shreyas Gaikwad\.m2\repository\org\yaml\snakeyaml\2.2\snakeyaml-2.2.jar;C:\Users\Shreyas Gaikwad\.m2\repository\org\thymeleaf\thymeleaf-spring6\3.1.2.RELEASE\thymeleaf-spring6-3.1.2.RELEASE.jar;C:\Users\Shreyas Gaikwad\.m2\repository\org\thymeleaf\thy
Launcher Type: SUN_STANDARD

[Global flags]
     intx CICompilerCount                          = 4                                         {product} {ergonomic}
     uint ConcGCThreads                            = 3                                         {product} {ergonomic}
     uint G1ConcRefinementThreads                  = 10                                        {product} {ergonomic}
   size_t G1HeapRegionSize                         = 1048576                                   {product} {ergonomic}
    uintx GCDrainStackTargetSize                   = 64                                        {product} {ergonomic}
   size_t InitialHeapSize                          = 123731968                                 {product} {ergonomic}
   size_t MarkStackSize                            = 4194304                                   {product} {ergonomic}
   size_t MaxHeapSize                              = 1979711488                                {product} {ergonomic}
   size_t MinHeapDeltaBytes                        = 1048576                                   {product} {ergonomic}
   size_t MinHeapSize                              = 8388608                                   {product} {ergonomic}
    uintx NonNMethodCodeHeapSize                   = 5839372                                {pd product} {ergonomic}
    uintx NonProfiledCodeHeapSize                  = 122909434                              {pd product} {ergonomic}
    uintx ProfiledCodeHeapSize                     = 122909434                              {pd product} {ergonomic}
    uintx ReservedCodeCacheSize                    = 251658240                              {pd product} {ergonomic}
     bool SegmentedCodeCache                       = true                                      {product} {ergonomic}
     bool ShowCodeDetailsInExceptionMessages       = true                                   {manageable} {command line}
   size_t SoftMaxHeapSize                          = 1979711488                             {manageable} {ergonomic}
     bool UseCompressedClassPointers               = true                           {product lp64_product} {ergonomic}
     bool UseCompressedOops                        = true                           {product lp64_product} {ergonomic}
     bool UseG1GC                                  = true                                      {product} {ergonomic}
     bool UseLargePagesIndividualAllocation        = false                                  {pd product} {ergonomic}

Logging:
Log output configuration:
 #0: stdout all=warning uptime,level,tags
 #1: stderr all=off uptime,level,tags

Environment Variables:
JAVA_HOME=C:\Users\Shreyas Gaikwad\AppData\Roaming\Code\User\globalStorage\pleiades.java-extension-pack-jdk\java\21
PATH=C:\Users\Shreyas Gaikwad\AppData\Roaming\Code\User\globalStorage\pleiades.java-extension-pack-jdk\gradle\latest\bin;C:\Users\Shreyas Gaikwad\AppData\Roaming\Code\User\globalStorage\pleiades.java-extension-pack-jdk\maven\latest\bin;C:\Users\Shreyas Gaikwad\AppData\Roaming\Code\User\globalStorage\pleiades.java-extension-pack-jdk\java\21\bin;C:\Program Files\Microsoft MPI\Bin\;D:\WINDOWS.X64_193000_db_home\bin;C:\Program Files\Common Files\Oracle\Java\javapath;C:\Windows\system32;C:\Windows;C:\Windows\System32\Wbem;C:\Windows\System32\WindowsPowerShell\v1.0\;C:\Windows\System32\OpenSSH\;C:\Program Files (x86)\NVIDIA Corporation\PhysX\Common;C:\Program Files\NVIDIA Corporation\NVIDIA NvDLISR;C:\Program Files\Java\jdk-16.0.2\bin;C:\Program Files\Git\cmd;C:\MinGW\bin;D:\GnuWin32\bin;C:\Program Files\Docker\Docker\resources\bin;C:\Program Files\Amazon\AWSCLIV2\;C:\WINDOWS\system32;C:\WINDOWS;C:\WINDOWS\System32\Wbem;C:\WINDOWS\System32\WindowsPowerShell\v1.0\;C:\WINDOWS\System32\OpenSSH\;C:\Program Files (x86)\HP\HP OCR\DB_Lib\;C:\Program Files\HP\Common\HPDestPlgIn\;C:\Program Files (x86)\HP\Common\HPDestPlgIn\;C:\Program Files (x86)\Microsoft SDKs\MPI\;C:\Program Files\Microsoft MPI\Bin;C:\Program Files\nodejs\;C:\Program Files\MySQL\MySQL Shell 8.0\bin\;C:\Users\Shreyas Gaikwad\AppData\Local\Programs\Python\Python39\Scripts\;C:\Users\Shreyas Gaikwad\AppData\Local\Programs\Python\Python39\;C:\Users\Shreyas Gaikwad\AppData\Local\Microsoft\WindowsApps;C:\Users\Shreyas Gaikwad\AppData\Local\Programs\Microsoft VS Code\bin;C:\Program Files\HP\Common\HPDestPlgIn\;C:\Program Files (x86)\HP\Common\HPDestPlgIn\;C:\Program Files (x86)\Microsoft SDKs\MPI\Include;C:\Program Files\Microsoft MPI\Bin;C:\Users\Shreyas Gaikwad\AppData\Roaming\npm
USERNAME=Shreyas Gaikwad
LANG=en_US.UTF-8
OS=Windows_NT
PROCESSOR_IDENTIFIER=AMD64 Family 23 Model 96 Stepping 1, AuthenticAMD



---------------  S Y S T E M  ---------------

OS:
 Windows 10 , 64 bit Build 22621 (10.0.22621.3958)
OS uptime: 7 days 0:20 hours
Hyper-V role detected

CPU: total 12 (initial active 12) (12 cores per cpu, 2 threads per core) family 23 model 96 stepping 1 microcode 0x0, cx8, cmov, fxsr, ht, mmx, 3dnowpref, sse, sse2, sse3, ssse3, sse4a, sse4.1, sse4.2, popcnt, lzcnt, tsc, tscinvbit, avx, avx2, aes, clmul, bmi1, bmi2, adx, sha, fma, vzeroupper, clflush, clflushopt, hv

Memory: 4k page, system-wide physical 7549M (432M free)
TotalPageFile size 31101M (AvailPageFile size 96M)
current process WorkingSet (physical memory assigned to process): 11M, peak: 11M
current process commit charge ("private bytes"): 64M, peak: 182M

vm_info: Java HotSpot(TM) 64-Bit Server VM (17.0.1+12-LTS-39) for windows-amd64 JRE (17.0.1+12-LTS-39), built on Sep 27 2021 18:41:35 by "mach5one" with MS VC++ 16.8 (VS2019)

END.
