#
# There is insufficient memory for the Java Runtime Environment to continue.
# Native memory allocation (malloc) failed to allocate 2097152 bytes. Error detail: AllocateHeap
# Possible reasons:
#   The system is out of physical RAM or swap space
#   This process is running with CompressedOops enabled, and the Java Heap may be blocking the growth of the native heap
# Possible solutions:
#   Reduce memory load on the system
#   Increase physical memory or swap space
#   Check if swap backing store is full
#   Decrease Java heap size (-Xmx/-Xms)
#   Decrease number of Java threads
#   Decrease Java thread stack sizes (-Xss)
#   Set larger code cache with -XX:ReservedCodeCacheSize=
#   JVM is running with Unscaled Compressed Oops mode in which the Java heap is
#     placed in the first 4GB address space. The Java Heap base address is the
#     maximum limit for the native heap growth. Please use -XX:HeapBaseMinAddress
#     to set the Java Heap base and to place the Java Heap above 4GB virtual address.
# This output file may be truncated or incomplete.
#
#  Out of Memory Error (allocation.cpp:44), pid=15760, tid=2600
#
# JRE version: OpenJDK Runtime Environment Temurin-17.0.12+7 (17.0.12+7) (build 17.0.12+7)
# Java VM: OpenJDK 64-Bit Server VM Temurin-17.0.12+7 (17.0.12+7, mixed mode, emulated-client, tiered, compressed oops, compressed class ptrs, g1 gc, windows-amd64)
# No core dump will be written. Minidumps are not enabled by default on client versions of Windows
#

---------------  S U M M A R Y ------------

Command Line: -Xmx1024m -Dsts.lsp.client=vscode -Dsts.log.file=/dev/null -XX:TieredStopAtLevel=1 -Xlog:jni+resolve=off c:\Users\Shreyas Gaikwad\.vscode\extensions\vmware.vscode-spring-boot-1.57.0\language-server\spring-boot-language-server-1.57.0-SNAPSHOT-exec.jar

Host: AMD Ryzen 5 4600H with Radeon Graphics         , 12 cores, 7G,  Windows 11 , 64 bit Build 22621 (10.0.22621.3958)
Time: Mon Sep 30 17:03:22 2024 SA Pacific Standard Time elapsed time: 6695.575608 seconds (0d 1h 51m 35s)

---------------  T H R E A D  ---------------

Current thread (0x00000225ba336bc0):  VMThread "VM Thread" [stack: 0x0000003ae3d00000,0x0000003ae3e00000] [id=2600]

Stack: [0x0000003ae3d00000,0x0000003ae3e00000]
Native frames: (J=compiled Java code, j=interpreted, Vv=VM code, C=native code)
V  [jvm.dll+0x67f929]
V  [jvm.dll+0x8371ba]
V  [jvm.dll+0x838c7e]
V  [jvm.dll+0x8392e3]
V  [jvm.dll+0x24834f]
V  [jvm.dll+0xa70d3]
V  [jvm.dll+0x2f9101]
V  [jvm.dll+0x2f4d00]
V  [jvm.dll+0x2dd82f]
V  [jvm.dll+0x3201f7]
V  [jvm.dll+0x83d7dd]
V  [jvm.dll+0x83e522]
V  [jvm.dll+0x83ea4f]
V  [jvm.dll+0x83ee34]
V  [jvm.dll+0x83ef00]
V  [jvm.dll+0x7e65dc]
V  [jvm.dll+0x67e7f7]
C  [ucrtbase.dll+0x29333]
C  [KERNEL32.DLL+0x1257d]
C  [ntdll.dll+0x5af28]

VM_Operation (0x0000003ae60fec10): G1CollectFull, mode: safepoint, requested by thread 0x00000225bff32110


---------------  P R O C E S S  ---------------

Threads class SMR info:
_java_thread_list=0x00000225bf977a40, length=40, elements={
0x00000225ba34b370, 0x00000225ba34bf00, 0x00000225ba4ac5c0, 0x00000225ba4ad150,
0x00000225ba4aea30, 0x00000225ba4af300, 0x00000225ba379b40, 0x00000225ba37a060,
0x00000225ba602d90, 0x00000225ba60b6e0, 0x00000225bff316f0, 0x00000225bff32110,
0x00000225bff32b30, 0x00000225bff311e0, 0x00000225c0780c80, 0x00000225c077d9e0,
0x00000225c077b160, 0x00000225c0780770, 0x00000225c07816a0, 0x00000225c077a740,
0x00000225c077a230, 0x00000225c0780260, 0x00000225c0781190, 0x00000225c077e910,
0x00000225c077bb80, 0x00000225c077c5a0, 0x00000225c077def0, 0x00000225c077f330,
0x00000225c077ac50, 0x00000225c077fd50, 0x00000225c077cfc0, 0x00000225c0781bb0,
0x00000225c077d4d0, 0x00000225bff32620, 0x00000225c0ddd220, 0x00000225c0dd6ce0,
0x00000225c0dd9050, 0x00000225c0dd9a70, 0x00000225c0dda9a0, 0x00000225c0dd9f80
}

Java Threads: ( => current thread )
  0x00000225ba34b370 JavaThread "Reference Handler" daemon [_thread_blocked, id=2132, stack(0x0000003ae3e00000,0x0000003ae3f00000)]
  0x00000225ba34bf00 JavaThread "Finalizer" daemon [_thread_blocked, id=13432, stack(0x0000003ae3f00000,0x0000003ae4000000)]
  0x00000225ba4ac5c0 JavaThread "Signal Dispatcher" daemon [_thread_blocked, id=19404, stack(0x0000003ae4000000,0x0000003ae4100000)]
  0x00000225ba4ad150 JavaThread "Attach Listener" daemon [_thread_blocked, id=26356, stack(0x0000003ae4100000,0x0000003ae4200000)]
  0x00000225ba4aea30 JavaThread "Service Thread" daemon [_thread_blocked, id=22152, stack(0x0000003ae4200000,0x0000003ae4300000)]
  0x00000225ba4af300 JavaThread "Monitor Deflation Thread" daemon [_thread_blocked, id=6020, stack(0x0000003ae4300000,0x0000003ae4400000)]
  0x00000225ba379b40 JavaThread "C1 CompilerThread0" daemon [_thread_blocked, id=21324, stack(0x0000003ae4400000,0x0000003ae4500000)]
  0x00000225ba37a060 JavaThread "Sweeper thread" daemon [_thread_blocked, id=13744, stack(0x0000003ae4500000,0x0000003ae4600000)]
  0x00000225ba602d90 JavaThread "Notification Thread" daemon [_thread_blocked, id=30364, stack(0x0000003ae4700000,0x0000003ae4800000)]
  0x00000225ba60b6e0 JavaThread "Common-Cleaner" daemon [_thread_blocked, id=10800, stack(0x0000003ae4900000,0x0000003ae4a00000)]
  0x00000225bff316f0 JavaThread "boundedElastic-evictor-1" daemon [_thread_blocked, id=22624, stack(0x0000003ae5f00000,0x0000003ae6000000)]
  0x00000225bff32110 JavaThread "pool-13-thread-1" [_thread_blocked, id=20204, stack(0x0000003ae6000000,0x0000003ae6100000)]
  0x00000225bff32b30 JavaThread "LanguageServerApp-lifecycle" [_thread_blocked, id=19224, stack(0x0000003ae6100000,0x0000003ae6200000)]
  0x00000225bff311e0 JavaThread "DestroyJavaVM" [_thread_blocked, id=23908, stack(0x0000003ae3700000,0x0000003ae3800000)]
  0x00000225c0780c80 JavaThread "pool-14-thread-1" [_thread_in_native, id=21516, stack(0x0000003ae6200000,0x0000003ae6300000)]
  0x00000225c077d9e0 JavaThread "Simple-Language-Server main thread" daemon [_thread_blocked, id=4996, stack(0x0000003ae6300000,0x0000003ae6400000)]
  0x00000225c077b160 JavaThread "pool-8-thread-1" [_thread_blocked, id=28376, stack(0x0000003ae6600000,0x0000003ae6700000)]
  0x00000225c0780770 JavaThread "parallel-1" daemon [_thread_blocked, id=1888, stack(0x0000003ae6700000,0x0000003ae6800000)]
  0x00000225c07816a0 JavaThread "parallel-2" daemon [_thread_blocked, id=22908, stack(0x0000003ae6800000,0x0000003ae6900000)]
  0x00000225c077a740 JavaThread "pool-6-thread-1" [_thread_blocked, id=29176, stack(0x0000003ae6900000,0x0000003ae6a00000)]
  0x00000225c077a230 JavaThread "parallel-3" daemon [_thread_blocked, id=3852, stack(0x0000003ae6a00000,0x0000003ae6b00000)]
  0x00000225c0780260 JavaThread "parallel-4" daemon [_thread_blocked, id=27416, stack(0x0000003ae6b00000,0x0000003ae6c00000)]
  0x00000225c0781190 JavaThread "parallel-5" daemon [_thread_blocked, id=7284, stack(0x0000003ae6c00000,0x0000003ae6d00000)]
  0x00000225c077e910 JavaThread "parallel-6" daemon [_thread_blocked, id=12004, stack(0x0000003ae7000000,0x0000003ae7100000)]
  0x00000225c077bb80 JavaThread "parallel-7" daemon [_thread_blocked, id=30564, stack(0x0000003ae7100000,0x0000003ae7200000)]
  0x00000225c077c5a0 JavaThread "parallel-8" daemon [_thread_blocked, id=24076, stack(0x0000003ae7200000,0x0000003ae7300000)]
  0x00000225c077def0 JavaThread "Reconciler-1" daemon [_thread_blocked, id=26308, stack(0x0000003ae7500000,0x0000003ae7600000)]
  0x00000225c077f330 JavaThread "parallel-9" daemon [_thread_blocked, id=17860, stack(0x0000003ae3600000,0x0000003ae3700000)]
  0x00000225c077ac50 JavaThread "parallel-10" daemon [_thread_blocked, id=29752, stack(0x0000003ae5200000,0x0000003ae5300000)]
  0x00000225c077fd50 JavaThread "parallel-11" daemon [_thread_blocked, id=28860, stack(0x0000003ae3500000,0x0000003ae3600000)]
  0x00000225c077cfc0 JavaThread "parallel-12" daemon [_thread_blocked, id=18428, stack(0x0000003ae3400000,0x0000003ae3500000)]
  0x00000225c0781bb0 JavaThread "CompletableFutureDelayScheduler" daemon [_thread_blocked, id=23808, stack(0x0000003ae4600000,0x0000003ae4700000)]
  0x00000225c077d4d0 JavaThread "ForkJoinPool.commonPool-worker-25" daemon [_thread_blocked, id=25536, stack(0x0000003ae4d00000,0x0000003ae4e00000)]
  0x00000225bff32620 JavaThread "ForkJoinPool.commonPool-worker-26" daemon [_thread_blocked, id=13504, stack(0x0000003ae5b00000,0x0000003ae5c00000)]
  0x00000225c0ddd220 JavaThread "ForkJoinPool.commonPool-worker-28" daemon [_thread_blocked, id=29124, stack(0x0000003ae5d00000,0x0000003ae5e00000)]
  0x00000225c0dd6ce0 JavaThread "ForkJoinPool.commonPool-worker-29" daemon [_thread_blocked, id=23012, stack(0x0000003ae5e00000,0x0000003ae5f00000)]
  0x00000225c0dd9050 JavaThread "ForkJoinPool.commonPool-worker-30" daemon [_thread_blocked, id=29488, stack(0x0000003ae6400000,0x0000003ae6500000)]
  0x00000225c0dd9a70 JavaThread "ForkJoinPool.commonPool-worker-31" daemon [_thread_blocked, id=14828, stack(0x0000003ae6500000,0x0000003ae6600000)]
  0x00000225c0dda9a0 JavaThread "ForkJoinPool.commonPool-worker-32" daemon [_thread_blocked, id=24580, stack(0x0000003ae6d00000,0x0000003ae6e00000)]
  0x00000225c0dd9f80 JavaThread "ForkJoinPool.commonPool-worker-34" daemon [_thread_blocked, id=10524, stack(0x0000003ae6f00000,0x0000003ae7000000)]

Other Threads:
=>0x00000225ba336bc0 VMThread "VM Thread" [stack: 0x0000003ae3d00000,0x0000003ae3e00000] [id=2600]
  0x00000225ba603270 WatcherThread [stack: 0x0000003ae4800000,0x0000003ae4900000] [id=24152]
  0x00000225ad1660d0 GCTaskThread "GC Thread#0" [stack: 0x0000003ae3800000,0x0000003ae3900000] [id=9552]
  0x00000225bf1afc70 GCTaskThread "GC Thread#1" [stack: 0x0000003ae4a00000,0x0000003ae4b00000] [id=15824]
  0x00000225bf6de860 GCTaskThread "GC Thread#2" [stack: 0x0000003ae4b00000,0x0000003ae4c00000] [id=12344]
  0x00000225bf6deb20 GCTaskThread "GC Thread#3" [stack: 0x0000003ae4c00000,0x0000003ae4d00000] [id=11660]
  0x00000225bfbb8c80 GCTaskThread "GC Thread#4" [stack: 0x0000003ae4f00000,0x0000003ae5000000] [id=21168]
  0x00000225bfbba360 GCTaskThread "GC Thread#5" [stack: 0x0000003ae5000000,0x0000003ae5100000] [id=9164]
  0x00000225bfbba620 GCTaskThread "GC Thread#6" [stack: 0x0000003ae5100000,0x0000003ae5200000] [id=9736]
  0x00000225bfd4e030 GCTaskThread "GC Thread#7" [stack: 0x0000003ae5300000,0x0000003ae5400000] [id=14244]
  0x00000225bfd4e700 GCTaskThread "GC Thread#8" [stack: 0x0000003ae5400000,0x0000003ae5500000] [id=21808]
  0x00000225bfce1e50 GCTaskThread "GC Thread#9" [stack: 0x0000003ae5500000,0x0000003ae5600000] [id=13660]
  0x00000225ad16f020 ConcurrentGCThread "G1 Main Marker" [stack: 0x0000003ae3900000,0x0000003ae3a00000] [id=29140]
  0x00000225ad1701e0 ConcurrentGCThread "G1 Conc#0" [stack: 0x0000003ae3a00000,0x0000003ae3b00000] [id=18524]
  0x00000225bfcbc040 ConcurrentGCThread "G1 Conc#1" [stack: 0x0000003ae5600000,0x0000003ae5700000] [id=26284]
  0x00000225bfce2920 ConcurrentGCThread "G1 Conc#2" [stack: 0x0000003ae5700000,0x0000003ae5800000] [id=25072]
  0x00000225ad1dd8a0 ConcurrentGCThread "G1 Refine#0" [stack: 0x0000003ae3b00000,0x0000003ae3c00000] [id=12504]
  0x00000225ad1de2d0 ConcurrentGCThread "G1 Service" [stack: 0x0000003ae3c00000,0x0000003ae3d00000] [id=21240]

Threads with active compile tasks:

VM state: at safepoint (normal execution)

VM Mutex/Monitor currently owned by a thread:  ([mutex/lock_event])
[0x00000225ad124f90] Threads_lock - owner thread: 0x00000225ba336bc0
[0x00000225ad123d90] Heap_lock - owner thread: 0x00000225bff32110

Heap address: 0x00000000c0000000, size: 1024 MB, Compressed Oops mode: 32-bit

CDS archive(s) not mapped
Compressed class space mapped at: 0x0000000100000000-0x0000000140000000, reserved size: 1073741824
Narrow klass base: 0x0000000000000000, Narrow klass shift: 3, Narrow klass range: 0x140000000

GC Precious Log:
 CPUs: 12 total, 12 available
 Memory: 7549M
 Large Page Support: Disabled
 NUMA Support: Disabled
 Compressed Oops: Enabled (32-bit)
 Heap Region Size: 1M
 Heap Min Capacity: 8M
 Heap Initial Capacity: 118M
 Heap Max Capacity: 1G
 Pre-touch: Disabled
 Parallel Workers: 10
 Concurrent Workers: 3
 Concurrent Refinement Workers: 10
 Periodic GC: Disabled

Heap:
 garbage-first heap   total 153600K, used 46398K [0x00000000c0000000, 0x0000000100000000)
  region size 1024K, 1 young (1024K), 0 survivors (0K)
 Metaspace       used 62961K, committed 63488K, reserved 1114112K
  class space    used 7961K, committed 8192K, reserved 1048576K

Heap Regions: E=young(eden), S=young(survivor), O=old, HS=humongous(starts), HC=humongous(continues), CS=collection set, F=free, OA=open archive, CA=closed archive, TAMS=top-at-mark-start (previous, next)
|   0|0x00000000c0000000, 0x00000000c0100000, 0x00000000c0100000|100%|HS|  |TAMS 0x00000000c0100000, 0x00000000c0000000| Untracked 
|   1|0x00000000c0100000, 0x00000000c0200000, 0x00000000c0200000|100%|HC|  |TAMS 0x00000000c0200000, 0x00000000c0100000| Untracked 
|   2|0x00000000c0200000, 0x00000000c0300000, 0x00000000c0300000|100%|HC|  |TAMS 0x00000000c0300000, 0x00000000c0200000| Untracked 
|   3|0x00000000c0300000, 0x00000000c0400000, 0x00000000c0400000|100%|HC|  |TAMS 0x00000000c0400000, 0x00000000c0300000| Untracked 
|   4|0x00000000c0400000, 0x00000000c0500000, 0x00000000c0500000|100%|HS|  |TAMS 0x00000000c0500000, 0x00000000c0400000| Untracked 
|   5|0x00000000c0500000, 0x00000000c0600000, 0x00000000c0600000|100%|HC|  |TAMS 0x00000000c0600000, 0x00000000c0500000| Untracked 
|   6|0x00000000c0600000, 0x00000000c0700000, 0x00000000c0700000|100%| O|  |TAMS 0x00000000c0700000, 0x00000000c0600000| Untracked 
|   7|0x00000000c0700000, 0x00000000c0800000, 0x00000000c0800000|100%| O|  |TAMS 0x00000000c0800000, 0x00000000c0700000| Untracked 
|   8|0x00000000c0800000, 0x00000000c0900000, 0x00000000c0900000|100%| O|  |TAMS 0x00000000c0900000, 0x00000000c0800000| Untracked 
|   9|0x00000000c0900000, 0x00000000c0a00000, 0x00000000c0a00000|100%| O|  |TAMS 0x00000000c0a00000, 0x00000000c0900000| Untracked 
|  10|0x00000000c0a00000, 0x00000000c0b00000, 0x00000000c0b00000|100%| O|  |TAMS 0x00000000c0b00000, 0x00000000c0a00000| Untracked 
|  11|0x00000000c0b00000, 0x00000000c0c00000, 0x00000000c0c00000|100%| O|  |TAMS 0x00000000c0c00000, 0x00000000c0b00000| Untracked 
|  12|0x00000000c0c00000, 0x00000000c0cfffe8, 0x00000000c0d00000| 99%| O|  |TAMS 0x00000000c0cfffe8, 0x00000000c0c00000| Untracked 
|  13|0x00000000c0d00000, 0x00000000c0e00000, 0x00000000c0e00000|100%| O|  |TAMS 0x00000000c0e00000, 0x00000000c0d00000| Untracked 
|  14|0x00000000c0e00000, 0x00000000c0f00000, 0x00000000c0f00000|100%| O|  |TAMS 0x00000000c0f00000, 0x00000000c0e00000| Untracked 
|  15|0x00000000c0f00000, 0x00000000c0ff8170, 0x00000000c1000000| 96%| O|  |TAMS 0x00000000c0ff8170, 0x00000000c0f00000| Untracked 
|  16|0x00000000c1000000, 0x00000000c10fffb8, 0x00000000c1100000| 99%| O|  |TAMS 0x00000000c10fffb8, 0x00000000c1000000| Untracked 
|  17|0x00000000c1100000, 0x00000000c11fcee8, 0x00000000c1200000| 98%| O|  |TAMS 0x00000000c11fcee8, 0x00000000c1100000| Untracked 
|  18|0x00000000c1200000, 0x00000000c1300000, 0x00000000c1300000|100%| O|  |TAMS 0x00000000c1300000, 0x00000000c1200000| Untracked 
|  19|0x00000000c1300000, 0x00000000c13fc9c0, 0x00000000c1400000| 98%| O|  |TAMS 0x00000000c13fc9c0, 0x00000000c1300000| Untracked 
|  20|0x00000000c1400000, 0x00000000c14fffc8, 0x00000000c1500000| 99%| O|  |TAMS 0x00000000c14fffc8, 0x00000000c1400000| Untracked 
|  21|0x00000000c1500000, 0x00000000c15fffc0, 0x00000000c1600000| 99%| O|  |TAMS 0x00000000c15fffc0, 0x00000000c1500000| Untracked 
|  22|0x00000000c1600000, 0x00000000c16fffa0, 0x00000000c1700000| 99%| O|  |TAMS 0x00000000c16fffa0, 0x00000000c1600000| Untracked 
|  23|0x00000000c1700000, 0x00000000c17fd528, 0x00000000c1800000| 98%| O|  |TAMS 0x00000000c17fd528, 0x00000000c1700000| Untracked 
|  24|0x00000000c1800000, 0x00000000c18fffe0, 0x00000000c1900000| 99%| O|  |TAMS 0x00000000c18fffe0, 0x00000000c1800000| Untracked 
|  25|0x00000000c1900000, 0x00000000c19ffff0, 0x00000000c1a00000| 99%| O|  |TAMS 0x00000000c19ffff0, 0x00000000c1900000| Untracked 
|  26|0x00000000c1a00000, 0x00000000c1afffe8, 0x00000000c1b00000| 99%| O|  |TAMS 0x00000000c1afffe8, 0x00000000c1a00000| Untracked 
|  27|0x00000000c1b00000, 0x00000000c1bffff8, 0x00000000c1c00000| 99%| O|  |TAMS 0x00000000c1bffff8, 0x00000000c1b00000| Untracked 
|  28|0x00000000c1c00000, 0x00000000c1cfffc8, 0x00000000c1d00000| 99%| O|  |TAMS 0x00000000c1cfffc8, 0x00000000c1c00000| Untracked 
|  29|0x00000000c1d00000, 0x00000000c1dffff8, 0x00000000c1e00000| 99%| O|  |TAMS 0x00000000c1dffff8, 0x00000000c1d00000| Untracked 
|  30|0x00000000c1e00000, 0x00000000c1efffd0, 0x00000000c1f00000| 99%| O|  |TAMS 0x00000000c1efffd0, 0x00000000c1e00000| Untracked 
|  31|0x00000000c1f00000, 0x00000000c1ffffb0, 0x00000000c2000000| 99%| O|  |TAMS 0x00000000c1ffffb0, 0x00000000c1f00000| Untracked 
|  32|0x00000000c2000000, 0x00000000c20fff50, 0x00000000c2100000| 99%| O|  |TAMS 0x00000000c20fff50, 0x00000000c2000000| Untracked 
|  33|0x00000000c2100000, 0x00000000c21fffb0, 0x00000000c2200000| 99%| O|  |TAMS 0x00000000c21fffb0, 0x00000000c2100000| Untracked 
|  34|0x00000000c2200000, 0x00000000c2300000, 0x00000000c2300000|100%| O|  |TAMS 0x00000000c2300000, 0x00000000c2200000| Untracked 
|  35|0x00000000c2300000, 0x00000000c23fdb98, 0x00000000c2400000| 99%| O|  |TAMS 0x00000000c23fdb98, 0x00000000c2300000| Untracked 
|  36|0x00000000c2400000, 0x00000000c24faf60, 0x00000000c2500000| 98%| O|  |TAMS 0x00000000c24faf60, 0x00000000c2400000| Untracked 
|  37|0x00000000c2500000, 0x00000000c2600000, 0x00000000c2600000|100%| O|  |TAMS 0x00000000c2600000, 0x00000000c2500000| Untracked 
|  38|0x00000000c2600000, 0x00000000c26ffba8, 0x00000000c2700000| 99%| O|  |TAMS 0x00000000c26ffba8, 0x00000000c2600000| Untracked 
|  39|0x00000000c2700000, 0x00000000c27ffff8, 0x00000000c2800000| 99%| O|  |TAMS 0x00000000c27ffff8, 0x00000000c2700000| Untracked 
|  40|0x00000000c2800000, 0x00000000c28fffd8, 0x00000000c2900000| 99%| O|  |TAMS 0x00000000c28fffd8, 0x00000000c2800000| Untracked 
|  41|0x00000000c2900000, 0x00000000c2a00000, 0x00000000c2a00000|100%| O|  |TAMS 0x00000000c2a00000, 0x00000000c2900000| Untracked 
|  42|0x00000000c2a00000, 0x00000000c2afff78, 0x00000000c2b00000| 99%| O|  |TAMS 0x00000000c2afff78, 0x00000000c2a00000| Untracked 
|  43|0x00000000c2b00000, 0x00000000c2bfffe8, 0x00000000c2c00000| 99%| O|  |TAMS 0x00000000c2bfffe8, 0x00000000c2b00000| Untracked 
|  44|0x00000000c2c00000, 0x00000000c2ce24b8, 0x00000000c2d00000| 88%| O|  |TAMS 0x00000000c2c00000, 0x00000000c2c00000| Untracked 
|  45|0x00000000c2d00000, 0x00000000c2d86510, 0x00000000c2e00000| 52%| O|  |TAMS 0x00000000c2d00000, 0x00000000c2d00000| Untracked 
|  46|0x00000000c2e00000, 0x00000000c2e00000, 0x00000000c2f00000|  0%| F|  |TAMS 0x00000000c2e00000, 0x00000000c2e00000| Untracked 
|  47|0x00000000c2f00000, 0x00000000c2f00000, 0x00000000c3000000|  0%| F|  |TAMS 0x00000000c2f00000, 0x00000000c2f00000| Untracked 
|  48|0x00000000c3000000, 0x00000000c3000000, 0x00000000c3100000|  0%| F|  |TAMS 0x00000000c3000000, 0x00000000c3000000| Untracked 
|  49|0x00000000c3100000, 0x00000000c3100000, 0x00000000c3200000|  0%| F|  |TAMS 0x00000000c3100000, 0x00000000c3100000| Untracked 
|  50|0x00000000c3200000, 0x00000000c3200000, 0x00000000c3300000|  0%| F|  |TAMS 0x00000000c3200000, 0x00000000c3200000| Untracked 
|  51|0x00000000c3300000, 0x00000000c3300000, 0x00000000c3400000|  0%| F|  |TAMS 0x00000000c3300000, 0x00000000c3300000| Untracked 
|  52|0x00000000c3400000, 0x00000000c3400000, 0x00000000c3500000|  0%| F|  |TAMS 0x00000000c3400000, 0x00000000c3400000| Untracked 
|  53|0x00000000c3500000, 0x00000000c3500000, 0x00000000c3600000|  0%| F|  |TAMS 0x00000000c3500000, 0x00000000c3500000| Untracked 
|  54|0x00000000c3600000, 0x00000000c3600000, 0x00000000c3700000|  0%| F|  |TAMS 0x00000000c3600000, 0x00000000c3600000| Untracked 
|  55|0x00000000c3700000, 0x00000000c3700000, 0x00000000c3800000|  0%| F|  |TAMS 0x00000000c3700000, 0x00000000c3700000| Untracked 
|  56|0x00000000c3800000, 0x00000000c3800000, 0x00000000c3900000|  0%| F|  |TAMS 0x00000000c3800000, 0x00000000c3800000| Untracked 
|  57|0x00000000c3900000, 0x00000000c3900000, 0x00000000c3a00000|  0%| F|  |TAMS 0x00000000c3900000, 0x00000000c3900000| Untracked 
|  58|0x00000000c3a00000, 0x00000000c3a00000, 0x00000000c3b00000|  0%| F|  |TAMS 0x00000000c3a00000, 0x00000000c3a00000| Untracked 
|  59|0x00000000c3b00000, 0x00000000c3b00000, 0x00000000c3c00000|  0%| F|  |TAMS 0x00000000c3b00000, 0x00000000c3b00000| Untracked 
|  60|0x00000000c3c00000, 0x00000000c3c00000, 0x00000000c3d00000|  0%| F|  |TAMS 0x00000000c3c00000, 0x00000000c3c00000| Untracked 
|  61|0x00000000c3d00000, 0x00000000c3d00000, 0x00000000c3e00000|  0%| F|  |TAMS 0x00000000c3d00000, 0x00000000c3d00000| Untracked 
|  62|0x00000000c3e00000, 0x00000000c3e00000, 0x00000000c3f00000|  0%| F|  |TAMS 0x00000000c3e00000, 0x00000000c3e00000| Untracked 
|  63|0x00000000c3f00000, 0x00000000c3f00000, 0x00000000c4000000|  0%| F|  |TAMS 0x00000000c3f00000, 0x00000000c3f00000| Untracked 
|  64|0x00000000c4000000, 0x00000000c4000000, 0x00000000c4100000|  0%| F|  |TAMS 0x00000000c4000000, 0x00000000c4000000| Untracked 
|  65|0x00000000c4100000, 0x00000000c4100000, 0x00000000c4200000|  0%| F|  |TAMS 0x00000000c4100000, 0x00000000c4100000| Untracked 
|  66|0x00000000c4200000, 0x00000000c4200000, 0x00000000c4300000|  0%| F|  |TAMS 0x00000000c4200000, 0x00000000c4200000| Untracked 
|  67|0x00000000c4300000, 0x00000000c4300000, 0x00000000c4400000|  0%| F|  |TAMS 0x00000000c4300000, 0x00000000c4300000| Untracked 
|  68|0x00000000c4400000, 0x00000000c4400000, 0x00000000c4500000|  0%| F|  |TAMS 0x00000000c4400000, 0x00000000c4400000| Untracked 
|  69|0x00000000c4500000, 0x00000000c4500000, 0x00000000c4600000|  0%| F|  |TAMS 0x00000000c4500000, 0x00000000c4500000| Untracked 
|  70|0x00000000c4600000, 0x00000000c4600000, 0x00000000c4700000|  0%| F|  |TAMS 0x00000000c4600000, 0x00000000c4600000| Untracked 
|  71|0x00000000c4700000, 0x00000000c4700000, 0x00000000c4800000|  0%| F|  |TAMS 0x00000000c4700000, 0x00000000c4700000| Untracked 
|  72|0x00000000c4800000, 0x00000000c4800000, 0x00000000c4900000|  0%| F|  |TAMS 0x00000000c4800000, 0x00000000c4800000| Untracked 
|  73|0x00000000c4900000, 0x00000000c4900000, 0x00000000c4a00000|  0%| F|  |TAMS 0x00000000c4900000, 0x00000000c4900000| Untracked 
|  74|0x00000000c4a00000, 0x00000000c4a00000, 0x00000000c4b00000|  0%| F|  |TAMS 0x00000000c4a00000, 0x00000000c4a00000| Untracked 
|  75|0x00000000c4b00000, 0x00000000c4b00000, 0x00000000c4c00000|  0%| F|  |TAMS 0x00000000c4b00000, 0x00000000c4b00000| Untracked 
|  76|0x00000000c4c00000, 0x00000000c4c00000, 0x00000000c4d00000|  0%| F|  |TAMS 0x00000000c4c00000, 0x00000000c4c00000| Untracked 
|  77|0x00000000c4d00000, 0x00000000c4d00000, 0x00000000c4e00000|  0%| F|  |TAMS 0x00000000c4d00000, 0x00000000c4d00000| Untracked 
|  78|0x00000000c4e00000, 0x00000000c4e00000, 0x00000000c4f00000|  0%| F|  |TAMS 0x00000000c4e00000, 0x00000000c4e00000| Untracked 
|  79|0x00000000c4f00000, 0x00000000c4f00000, 0x00000000c5000000|  0%| F|  |TAMS 0x00000000c4f00000, 0x00000000c4f00000| Untracked 
|  80|0x00000000c5000000, 0x00000000c5000000, 0x00000000c5100000|  0%| F|  |TAMS 0x00000000c5000000, 0x00000000c5000000| Untracked 
|  81|0x00000000c5100000, 0x00000000c5100000, 0x00000000c5200000|  0%| F|  |TAMS 0x00000000c5100000, 0x00000000c5100000| Untracked 
|  82|0x00000000c5200000, 0x00000000c5200000, 0x00000000c5300000|  0%| F|  |TAMS 0x00000000c5200000, 0x00000000c5200000| Untracked 
|  83|0x00000000c5300000, 0x00000000c5300000, 0x00000000c5400000|  0%| F|  |TAMS 0x00000000c5300000, 0x00000000c5300000| Untracked 
|  84|0x00000000c5400000, 0x00000000c5400000, 0x00000000c5500000|  0%| F|  |TAMS 0x00000000c5400000, 0x00000000c5400000| Untracked 
|  85|0x00000000c5500000, 0x00000000c5500000, 0x00000000c5600000|  0%| F|  |TAMS 0x00000000c5500000, 0x00000000c5500000| Untracked 
|  86|0x00000000c5600000, 0x00000000c5600000, 0x00000000c5700000|  0%| F|  |TAMS 0x00000000c5600000, 0x00000000c5600000| Untracked 
|  87|0x00000000c5700000, 0x00000000c5700000, 0x00000000c5800000|  0%| F|  |TAMS 0x00000000c5700000, 0x00000000c5700000| Untracked 
|  88|0x00000000c5800000, 0x00000000c5800000, 0x00000000c5900000|  0%| F|  |TAMS 0x00000000c5800000, 0x00000000c5800000| Untracked 
|  89|0x00000000c5900000, 0x00000000c5900000, 0x00000000c5a00000|  0%| F|  |TAMS 0x00000000c5900000, 0x00000000c5900000| Untracked 
|  90|0x00000000c5a00000, 0x00000000c5a00000, 0x00000000c5b00000|  0%| F|  |TAMS 0x00000000c5a00000, 0x00000000c5a00000| Untracked 
|  91|0x00000000c5b00000, 0x00000000c5b00000, 0x00000000c5c00000|  0%| F|  |TAMS 0x00000000c5b00000, 0x00000000c5b00000| Untracked 
|  92|0x00000000c5c00000, 0x00000000c5c00000, 0x00000000c5d00000|  0%| F|  |TAMS 0x00000000c5c00000, 0x00000000c5c00000| Untracked 
|  93|0x00000000c5d00000, 0x00000000c5d00000, 0x00000000c5e00000|  0%| F|  |TAMS 0x00000000c5d00000, 0x00000000c5d00000| Untracked 
|  94|0x00000000c5e00000, 0x00000000c5e00000, 0x00000000c5f00000|  0%| F|  |TAMS 0x00000000c5e00000, 0x00000000c5e00000| Untracked 
|  95|0x00000000c5f00000, 0x00000000c5f00000, 0x00000000c6000000|  0%| F|  |TAMS 0x00000000c5f00000, 0x00000000c5f00000| Untracked 
|  96|0x00000000c6000000, 0x00000000c6000000, 0x00000000c6100000|  0%| F|  |TAMS 0x00000000c6000000, 0x00000000c6000000| Untracked 
|  97|0x00000000c6100000, 0x00000000c6100000, 0x00000000c6200000|  0%| F|  |TAMS 0x00000000c6100000, 0x00000000c6100000| Untracked 
|  98|0x00000000c6200000, 0x00000000c6200000, 0x00000000c6300000|  0%| F|  |TAMS 0x00000000c6200000, 0x00000000c6200000| Untracked 
|  99|0x00000000c6300000, 0x00000000c6300000, 0x00000000c6400000|  0%| F|  |TAMS 0x00000000c6300000, 0x00000000c6300000| Untracked 
| 100|0x00000000c6400000, 0x00000000c6400000, 0x00000000c6500000|  0%| F|  |TAMS 0x00000000c6400000, 0x00000000c6400000| Untracked 
| 101|0x00000000c6500000, 0x00000000c6500000, 0x00000000c6600000|  0%| F|  |TAMS 0x00000000c6500000, 0x00000000c6500000| Untracked 
| 102|0x00000000c6600000, 0x00000000c6600000, 0x00000000c6700000|  0%| F|  |TAMS 0x00000000c6600000, 0x00000000c6600000| Untracked 
| 103|0x00000000c6700000, 0x00000000c6700000, 0x00000000c6800000|  0%| F|  |TAMS 0x00000000c6700000, 0x00000000c6700000| Untracked 
| 104|0x00000000c6800000, 0x00000000c6800000, 0x00000000c6900000|  0%| F|  |TAMS 0x00000000c6800000, 0x00000000c6800000| Untracked 
| 105|0x00000000c6900000, 0x00000000c6900000, 0x00000000c6a00000|  0%| F|  |TAMS 0x00000000c6900000, 0x00000000c6900000| Untracked 
| 106|0x00000000c6a00000, 0x00000000c6a00000, 0x00000000c6b00000|  0%| F|  |TAMS 0x00000000c6a00000, 0x00000000c6a00000| Untracked 
| 107|0x00000000c6b00000, 0x00000000c6b00000, 0x00000000c6c00000|  0%| F|  |TAMS 0x00000000c6b00000, 0x00000000c6b00000| Untracked 
| 108|0x00000000c6c00000, 0x00000000c6c00000, 0x00000000c6d00000|  0%| F|  |TAMS 0x00000000c6c00000, 0x00000000c6c00000| Untracked 
| 109|0x00000000c6d00000, 0x00000000c6d00000, 0x00000000c6e00000|  0%| F|  |TAMS 0x00000000c6d00000, 0x00000000c6d00000| Untracked 
| 110|0x00000000c6e00000, 0x00000000c6e00000, 0x00000000c6f00000|  0%| F|  |TAMS 0x00000000c6e00000, 0x00000000c6e00000| Untracked 
| 111|0x00000000c6f00000, 0x00000000c6f00000, 0x00000000c7000000|  0%| F|  |TAMS 0x00000000c6f00000, 0x00000000c6f00000| Untracked 
| 112|0x00000000c7000000, 0x00000000c7000000, 0x00000000c7100000|  0%| F|  |TAMS 0x00000000c7000000, 0x00000000c7000000| Untracked 
| 113|0x00000000c7100000, 0x00000000c7100000, 0x00000000c7200000|  0%| F|  |TAMS 0x00000000c7100000, 0x00000000c7100000| Untracked 
| 114|0x00000000c7200000, 0x00000000c7200000, 0x00000000c7300000|  0%| F|  |TAMS 0x00000000c7200000, 0x00000000c7200000| Untracked 
| 115|0x00000000c7300000, 0x00000000c7300000, 0x00000000c7400000|  0%| F|  |TAMS 0x00000000c7300000, 0x00000000c7300000| Untracked 
| 116|0x00000000c7400000, 0x00000000c7400000, 0x00000000c7500000|  0%| F|  |TAMS 0x00000000c7400000, 0x00000000c7400000| Untracked 
| 117|0x00000000c7500000, 0x00000000c7500000, 0x00000000c7600000|  0%| F|  |TAMS 0x00000000c7500000, 0x00000000c7500000| Untracked 
| 118|0x00000000c7600000, 0x00000000c7600000, 0x00000000c7700000|  0%| F|  |TAMS 0x00000000c7600000, 0x00000000c7600000| Untracked 
| 119|0x00000000c7700000, 0x00000000c7700000, 0x00000000c7800000|  0%| F|  |TAMS 0x00000000c7700000, 0x00000000c7700000| Untracked 
| 120|0x00000000c7800000, 0x00000000c7800000, 0x00000000c7900000|  0%| F|  |TAMS 0x00000000c7800000, 0x00000000c7800000| Untracked 
| 121|0x00000000c7900000, 0x00000000c7900000, 0x00000000c7a00000|  0%| F|  |TAMS 0x00000000c7900000, 0x00000000c7900000| Untracked 
| 122|0x00000000c7a00000, 0x00000000c7a00000, 0x00000000c7b00000|  0%| F|  |TAMS 0x00000000c7a00000, 0x00000000c7a00000| Untracked 
| 123|0x00000000c7b00000, 0x00000000c7b00000, 0x00000000c7c00000|  0%| F|  |TAMS 0x00000000c7b00000, 0x00000000c7b00000| Untracked 
| 124|0x00000000c7c00000, 0x00000000c7c00000, 0x00000000c7d00000|  0%| F|  |TAMS 0x00000000c7c00000, 0x00000000c7c00000| Untracked 
| 125|0x00000000c7d00000, 0x00000000c7d00000, 0x00000000c7e00000|  0%| F|  |TAMS 0x00000000c7d00000, 0x00000000c7d00000| Untracked 
| 126|0x00000000c7e00000, 0x00000000c7e00000, 0x00000000c7f00000|  0%| F|  |TAMS 0x00000000c7e00000, 0x00000000c7e00000| Untracked 
| 127|0x00000000c7f00000, 0x00000000c7f00000, 0x00000000c8000000|  0%| F|  |TAMS 0x00000000c7f00000, 0x00000000c7f00000| Untracked 
| 128|0x00000000c8000000, 0x00000000c8000000, 0x00000000c8100000|  0%| F|  |TAMS 0x00000000c8000000, 0x00000000c8000000| Untracked 
| 129|0x00000000c8100000, 0x00000000c8100000, 0x00000000c8200000|  0%| F|  |TAMS 0x00000000c8100000, 0x00000000c8100000| Untracked 
| 130|0x00000000c8200000, 0x00000000c8200000, 0x00000000c8300000|  0%| F|  |TAMS 0x00000000c8200000, 0x00000000c8200000| Untracked 
| 131|0x00000000c8300000, 0x00000000c8300000, 0x00000000c8400000|  0%| F|  |TAMS 0x00000000c8300000, 0x00000000c8300000| Untracked 
| 132|0x00000000c8400000, 0x00000000c8400000, 0x00000000c8500000|  0%| F|  |TAMS 0x00000000c8400000, 0x00000000c8400000| Untracked 
| 133|0x00000000c8500000, 0x00000000c8500000, 0x00000000c8600000|  0%| F|  |TAMS 0x00000000c8500000, 0x00000000c8500000| Untracked 
| 134|0x00000000c8600000, 0x00000000c8600000, 0x00000000c8700000|  0%| F|  |TAMS 0x00000000c8600000, 0x00000000c8600000| Untracked 
| 135|0x00000000c8700000, 0x00000000c8700000, 0x00000000c8800000|  0%| F|  |TAMS 0x00000000c8700000, 0x00000000c8700000| Untracked 
| 136|0x00000000c8800000, 0x00000000c8800000, 0x00000000c8900000|  0%| F|  |TAMS 0x00000000c8800000, 0x00000000c8800000| Untracked 
| 137|0x00000000c8900000, 0x00000000c8900000, 0x00000000c8a00000|  0%| F|  |TAMS 0x00000000c8900000, 0x00000000c8900000| Untracked 
| 138|0x00000000c8a00000, 0x00000000c8a00000, 0x00000000c8b00000|  0%| F|  |TAMS 0x00000000c8a00000, 0x00000000c8a00000| Untracked 
| 139|0x00000000c8b00000, 0x00000000c8b00000, 0x00000000c8c00000|  0%| F|  |TAMS 0x00000000c8b00000, 0x00000000c8b00000| Untracked 
| 140|0x00000000c8c00000, 0x00000000c8c00000, 0x00000000c8d00000|  0%| F|  |TAMS 0x00000000c8c00000, 0x00000000c8c00000| Untracked 
| 141|0x00000000c8d00000, 0x00000000c8d00000, 0x00000000c8e00000|  0%| F|  |TAMS 0x00000000c8d00000, 0x00000000c8d00000| Untracked 
| 142|0x00000000c8e00000, 0x00000000c8e00000, 0x00000000c8f00000|  0%| F|  |TAMS 0x00000000c8e00000, 0x00000000c8e00000| Untracked 
| 143|0x00000000c8f00000, 0x00000000c8f00000, 0x00000000c9000000|  0%| F|  |TAMS 0x00000000c8f00000, 0x00000000c8f00000| Untracked 
| 144|0x00000000c9000000, 0x00000000c9000000, 0x00000000c9100000|  0%| F|  |TAMS 0x00000000c9000000, 0x00000000c9000000| Untracked 
| 145|0x00000000c9100000, 0x00000000c9100000, 0x00000000c9200000|  0%| F|  |TAMS 0x00000000c9100000, 0x00000000c9100000| Untracked 
| 146|0x00000000c9200000, 0x00000000c9200000, 0x00000000c9300000|  0%| F|  |TAMS 0x00000000c9200000, 0x00000000c9200000| Untracked 
| 147|0x00000000c9300000, 0x00000000c9300000, 0x00000000c9400000|  0%| F|  |TAMS 0x00000000c9300000, 0x00000000c9300000| Untracked 
| 148|0x00000000c9400000, 0x00000000c9400000, 0x00000000c9500000|  0%| F|  |TAMS 0x00000000c9400000, 0x00000000c9400000| Untracked 
| 149|0x00000000c9500000, 0x00000000c95058a8, 0x00000000c9600000|  2%| E|  |TAMS 0x00000000c9500000, 0x00000000c9500000| Complete 

Card table byte_map: [0x00000225b5290000,0x00000225b5490000] _byte_map_base: 0x00000225b4c90000

Marking Bits (Prev, Next): (CMBitMap*) 0x00000225ad166730, (CMBitMap*) 0x00000225ad1666f0
 Prev Bits: [0x00000225b6690000, 0x00000225b7690000)
 Next Bits: [0x00000225b5690000, 0x00000225b6690000)

Polling page: 0x00000225ad1e0000

Metaspace:

Usage:
  Non-class:     53.71 MB used.
      Class:      7.77 MB used.
       Both:     61.49 MB used.

Virtual space:
  Non-class space:       64.00 MB reserved,      54.00 MB ( 84%) committed,  1 nodes.
      Class space:        1.00 GB reserved,       8.00 MB ( <1%) committed,  1 nodes.
             Both:        1.06 GB reserved,      62.00 MB (  6%) committed. 

Chunk freelists:
   Non-Class:  9.18 MB
       Class:  8.00 MB
        Both:  17.18 MB

MaxMetaspaceSize: unlimited
CompressedClassSpaceSize: 1.00 GB
Initial GC threshold: 21.00 MB
Current GC threshold: 103.25 MB
CDS: off
MetaspaceReclaimPolicy: balanced
 - commit_granule_bytes: 65536.
 - commit_granule_words: 8192.
 - virtual_space_node_default_size: 8388608.
 - enlarge_chunks_in_place: 1.
 - new_chunks_are_fully_committed: 0.
 - uncommit_free_chunks: 1.
 - use_allocation_guard: 0.
 - handle_deallocations: 1.


Internal statistics:

num_allocs_failed_limit: 9.
num_arena_births: 1012.
num_arena_deaths: 454.
num_vsnodes_births: 2.
num_vsnodes_deaths: 0.
num_space_committed: 994.
num_space_uncommitted: 3.
num_chunks_returned_to_freelist: 559.
num_chunks_taken_from_freelist: 3310.
num_chunk_merges: 184.
num_chunk_splits: 2039.
num_chunks_enlarged: 1407.
num_inconsistent_stats: 0.

CodeCache: size=49152Kb used=19530Kb max_used=20331Kb free=29622Kb
 bounds [0x00000225b1590000, 0x00000225b29b0000, 0x00000225b4590000]
 total_blobs=10906 nmethods=10244 adapters=587
 compilation: enabled
              stopped_count=0, restarted_count=0
 full_count=0

Compilation events (20 events):
Event: 6476.479 Thread 0x00000225ba379b40 10371       1       org.eclipse.jdt.internal.compiler.lookup.SourceTypeBinding::internalFaultInTypeForFieldsAndMethods (45 bytes)
Event: 6476.479 Thread 0x00000225ba379b40 nmethod 10371 0x00000225b29a8d10 code [0x00000225b29a8ec0, 0x00000225b29a9068]
Event: 6476.479 Thread 0x00000225ba379b40 10372       1       org.eclipse.jdt.internal.compiler.lookup.SourceTypeBinding::computeRecordComponents (183 bytes)
Event: 6476.480 Thread 0x00000225ba379b40 nmethod 10372 0x00000225b29a7690 code [0x00000225b29a7960, 0x00000225b29a85e8]
Event: 6476.480 Thread 0x00000225ba379b40 10374       1       org.eclipse.jdt.internal.compiler.ast.TypeDeclaration::updateNestHost (37 bytes)
Event: 6476.480 Thread 0x00000225ba379b40 nmethod 10374 0x00000225b29a7190 code [0x00000225b29a7340, 0x00000225b29a7528]
Event: 6476.480 Thread 0x00000225ba379b40 10375       1       org.eclipse.jdt.internal.compiler.ast.TypeDeclaration::findNestHost (24 bytes)
Event: 6476.481 Thread 0x00000225ba379b40 nmethod 10375 0x00000225b29a6d90 code [0x00000225b29a6f40, 0x00000225b29a7068]
Event: 6476.756 Thread 0x00000225ba379b40 10376   !   1       jdk.internal.reflect.GeneratedConstructorAccessor54::newInstance (49 bytes)
Event: 6476.757 Thread 0x00000225ba379b40 nmethod 10376 0x00000225b29a6310 code [0x00000225b29a6500, 0x00000225b29a6ae8]
Event: 6476.824 Thread 0x00000225ba379b40 10377       1       org.eclipse.lsp4j.jsonrpc.json.adapters.EitherTypeAdapter$EitherTypeArgument::<init> (127 bytes)
Event: 6476.825 Thread 0x00000225ba379b40 nmethod 10377 0x00000225b29a5310 code [0x00000225b29a5560, 0x00000225b29a5ea8]
Event: 6476.825 Thread 0x00000225ba379b40 10378       1       org.eclipse.lsp4j.jsonrpc.json.adapters.TypeUtils::getExpectedTypes (15 bytes)
Event: 6476.825 Thread 0x00000225ba379b40 nmethod 10378 0x00000225b29a4f10 code [0x00000225b29a50c0, 0x00000225b29a5248]
Event: 6476.825 Thread 0x00000225ba379b40 10379       1       org.eclipse.lsp4j.jsonrpc.json.adapters.TypeUtils::collectExpectedTypes (111 bytes)
Event: 6476.826 Thread 0x00000225ba379b40 nmethod 10379 0x00000225b29a4510 code [0x00000225b29a4720, 0x00000225b29a4c38]
Event: 6476.826 Thread 0x00000225ba379b40 10380       1       org.eclipse.lsp4j.jsonrpc.json.adapters.EitherTypeAdapter$EitherTypeArgument::getExpectedToken (90 bytes)
Event: 6476.826 Thread 0x00000225ba379b40 nmethod 10380 0x00000225b29a3e90 code [0x00000225b29a40c0, 0x00000225b29a43d8]
Event: 6477.551 Thread 0x00000225ba379b40 10381       1       org.eclipse.jdt.core.dom.ArrayType::dimensions (16 bytes)
Event: 6477.551 Thread 0x00000225ba379b40 nmethod 10381 0x00000225b29a3a10 code [0x00000225b29a3bc0, 0x00000225b29a3d48]

GC Heap History (20 events):
Event: 6593.338 GC heap after
{Heap after GC invocations=342 (full 276):
 garbage-first heap   total 153600K, used 46398K [0x00000000c0000000, 0x0000000100000000)
  region size 1024K, 0 young (0K), 0 survivors (0K)
 Metaspace       used 62961K, committed 63488K, reserved 1114112K
  class space    used 7961K, committed 8192K, reserved 1048576K
}
Event: 6603.521 GC heap before
{Heap before GC invocations=342 (full 276):
 garbage-first heap   total 153600K, used 46398K [0x00000000c0000000, 0x0000000100000000)
  region size 1024K, 1 young (1024K), 0 survivors (0K)
 Metaspace       used 62961K, committed 63488K, reserved 1114112K
  class space    used 7961K, committed 8192K, reserved 1048576K
}
Event: 6603.557 GC heap after
{Heap after GC invocations=343 (full 277):
 garbage-first heap   total 153600K, used 46398K [0x00000000c0000000, 0x0000000100000000)
  region size 1024K, 0 young (0K), 0 survivors (0K)
 Metaspace       used 62961K, committed 63488K, reserved 1114112K
  class space    used 7961K, committed 8192K, reserved 1048576K
}
Event: 6613.753 GC heap before
{Heap before GC invocations=343 (full 277):
 garbage-first heap   total 153600K, used 46398K [0x00000000c0000000, 0x0000000100000000)
  region size 1024K, 1 young (1024K), 0 survivors (0K)
 Metaspace       used 62961K, committed 63488K, reserved 1114112K
  class space    used 7961K, committed 8192K, reserved 1048576K
}
Event: 6613.799 GC heap after
{Heap after GC invocations=344 (full 278):
 garbage-first heap   total 153600K, used 46398K [0x00000000c0000000, 0x0000000100000000)
  region size 1024K, 0 young (0K), 0 survivors (0K)
 Metaspace       used 62961K, committed 63488K, reserved 1114112K
  class space    used 7961K, committed 8192K, reserved 1048576K
}
Event: 6623.974 GC heap before
{Heap before GC invocations=344 (full 278):
 garbage-first heap   total 153600K, used 46398K [0x00000000c0000000, 0x0000000100000000)
  region size 1024K, 1 young (1024K), 0 survivors (0K)
 Metaspace       used 62961K, committed 63488K, reserved 1114112K
  class space    used 7961K, committed 8192K, reserved 1048576K
}
Event: 6624.027 GC heap after
{Heap after GC invocations=345 (full 279):
 garbage-first heap   total 153600K, used 46398K [0x00000000c0000000, 0x0000000100000000)
  region size 1024K, 0 young (0K), 0 survivors (0K)
 Metaspace       used 62961K, committed 63488K, reserved 1114112K
  class space    used 7961K, committed 8192K, reserved 1048576K
}
Event: 6634.186 GC heap before
{Heap before GC invocations=345 (full 279):
 garbage-first heap   total 153600K, used 46398K [0x00000000c0000000, 0x0000000100000000)
  region size 1024K, 1 young (1024K), 0 survivors (0K)
 Metaspace       used 62961K, committed 63488K, reserved 1114112K
  class space    used 7961K, committed 8192K, reserved 1048576K
}
Event: 6634.230 GC heap after
{Heap after GC invocations=346 (full 280):
 garbage-first heap   total 153600K, used 46398K [0x00000000c0000000, 0x0000000100000000)
  region size 1024K, 0 young (0K), 0 survivors (0K)
 Metaspace       used 62961K, committed 63488K, reserved 1114112K
  class space    used 7961K, committed 8192K, reserved 1048576K
}
Event: 6644.395 GC heap before
{Heap before GC invocations=346 (full 280):
 garbage-first heap   total 153600K, used 46398K [0x00000000c0000000, 0x0000000100000000)
  region size 1024K, 1 young (1024K), 0 survivors (0K)
 Metaspace       used 62961K, committed 63488K, reserved 1114112K
  class space    used 7961K, committed 8192K, reserved 1048576K
}
Event: 6644.427 GC heap after
{Heap after GC invocations=347 (full 281):
 garbage-first heap   total 153600K, used 46398K [0x00000000c0000000, 0x0000000100000000)
  region size 1024K, 0 young (0K), 0 survivors (0K)
 Metaspace       used 62961K, committed 63488K, reserved 1114112K
  class space    used 7961K, committed 8192K, reserved 1048576K
}
Event: 6654.624 GC heap before
{Heap before GC invocations=347 (full 281):
 garbage-first heap   total 153600K, used 46398K [0x00000000c0000000, 0x0000000100000000)
  region size 1024K, 1 young (1024K), 0 survivors (0K)
 Metaspace       used 62961K, committed 63488K, reserved 1114112K
  class space    used 7961K, committed 8192K, reserved 1048576K
}
Event: 6654.662 GC heap after
{Heap after GC invocations=348 (full 282):
 garbage-first heap   total 153600K, used 46398K [0x00000000c0000000, 0x0000000100000000)
  region size 1024K, 0 young (0K), 0 survivors (0K)
 Metaspace       used 62961K, committed 63488K, reserved 1114112K
  class space    used 7961K, committed 8192K, reserved 1048576K
}
Event: 6664.875 GC heap before
{Heap before GC invocations=348 (full 282):
 garbage-first heap   total 153600K, used 46398K [0x00000000c0000000, 0x0000000100000000)
  region size 1024K, 1 young (1024K), 0 survivors (0K)
 Metaspace       used 62961K, committed 63488K, reserved 1114112K
  class space    used 7961K, committed 8192K, reserved 1048576K
}
Event: 6664.919 GC heap after
{Heap after GC invocations=349 (full 283):
 garbage-first heap   total 153600K, used 46398K [0x00000000c0000000, 0x0000000100000000)
  region size 1024K, 0 young (0K), 0 survivors (0K)
 Metaspace       used 62961K, committed 63488K, reserved 1114112K
  class space    used 7961K, committed 8192K, reserved 1048576K
}
Event: 6675.121 GC heap before
{Heap before GC invocations=349 (full 283):
 garbage-first heap   total 153600K, used 46398K [0x00000000c0000000, 0x0000000100000000)
  region size 1024K, 1 young (1024K), 0 survivors (0K)
 Metaspace       used 62961K, committed 63488K, reserved 1114112K
  class space    used 7961K, committed 8192K, reserved 1048576K
}
Event: 6675.155 GC heap after
{Heap after GC invocations=350 (full 284):
 garbage-first heap   total 153600K, used 46398K [0x00000000c0000000, 0x0000000100000000)
  region size 1024K, 0 young (0K), 0 survivors (0K)
 Metaspace       used 62961K, committed 63488K, reserved 1114112K
  class space    used 7961K, committed 8192K, reserved 1048576K
}
Event: 6685.351 GC heap before
{Heap before GC invocations=350 (full 284):
 garbage-first heap   total 153600K, used 46398K [0x00000000c0000000, 0x0000000100000000)
  region size 1024K, 1 young (1024K), 0 survivors (0K)
 Metaspace       used 62961K, committed 63488K, reserved 1114112K
  class space    used 7961K, committed 8192K, reserved 1048576K
}
Event: 6685.395 GC heap after
{Heap after GC invocations=351 (full 285):
 garbage-first heap   total 153600K, used 46398K [0x00000000c0000000, 0x0000000100000000)
  region size 1024K, 0 young (0K), 0 survivors (0K)
 Metaspace       used 62961K, committed 63488K, reserved 1114112K
  class space    used 7961K, committed 8192K, reserved 1048576K
}
Event: 6695.570 GC heap before
{Heap before GC invocations=351 (full 285):
 garbage-first heap   total 153600K, used 46398K [0x00000000c0000000, 0x0000000100000000)
  region size 1024K, 1 young (1024K), 0 survivors (0K)
 Metaspace       used 62961K, committed 63488K, reserved 1114112K
  class space    used 7961K, committed 8192K, reserved 1048576K
}

Dll operation events (10 events):
Event: 0.017 Loaded shared library c:\Users\Shreyas Gaikwad\.vscode\extensions\redhat.java-1.34.0-win32-x64\jre\17.0.12-win32-x86_64\bin\java.dll
Event: 0.158 Loaded shared library C:\Users\Shreyas Gaikwad\.vscode\extensions\redhat.java-1.34.0-win32-x64\jre\17.0.12-win32-x86_64\bin\net.dll
Event: 0.162 Loaded shared library C:\Users\Shreyas Gaikwad\.vscode\extensions\redhat.java-1.34.0-win32-x64\jre\17.0.12-win32-x86_64\bin\nio.dll
Event: 0.180 Loaded shared library C:\Users\Shreyas Gaikwad\.vscode\extensions\redhat.java-1.34.0-win32-x64\jre\17.0.12-win32-x86_64\bin\zip.dll
Event: 10.737 Loaded shared library C:\Users\Shreyas Gaikwad\.vscode\extensions\redhat.java-1.34.0-win32-x64\jre\17.0.12-win32-x86_64\bin\jimage.dll
Event: 11.810 Loaded shared library c:\Users\Shreyas Gaikwad\.vscode\extensions\redhat.java-1.34.0-win32-x64\jre\17.0.12-win32-x86_64\bin\verify.dll
Event: 13.323 Loaded shared library C:\Users\Shreyas Gaikwad\.vscode\extensions\redhat.java-1.34.0-win32-x64\jre\17.0.12-win32-x86_64\bin\management.dll
Event: 13.327 Loaded shared library C:\Users\Shreyas Gaikwad\.vscode\extensions\redhat.java-1.34.0-win32-x64\jre\17.0.12-win32-x86_64\bin\management_ext.dll
Event: 14.319 Loaded shared library C:\Users\Shreyas Gaikwad\.vscode\extensions\redhat.java-1.34.0-win32-x64\jre\17.0.12-win32-x86_64\bin\sunmscapi.dll
Event: 14.492 Loaded shared library C:\Users\Shreyas Gaikwad\.vscode\extensions\redhat.java-1.34.0-win32-x64\jre\17.0.12-win32-x86_64\bin\extnet.dll

Deoptimization events (20 events):
Event: 2515.816 Thread 0x00000225c077a740 DEOPT PACKING pc=0x00000225b194ce4c sp=0x0000003ae69fe2e0
Event: 2515.816 Thread 0x00000225c077a740 DEOPT UNPACKING pc=0x00000225b15e7143 sp=0x0000003ae69fd7c0 mode 0
Event: 2515.816 Thread 0x00000225c077a740 DEOPT PACKING pc=0x00000225b1f1520c sp=0x0000003ae69fe410
Event: 2515.816 Thread 0x00000225c077a740 DEOPT UNPACKING pc=0x00000225b15e7143 sp=0x0000003ae69fd978 mode 0
Event: 2515.816 Thread 0x00000225c077a740 DEOPT PACKING pc=0x00000225b194ce4c sp=0x0000003ae69fe540
Event: 2515.816 Thread 0x00000225c077a740 DEOPT UNPACKING pc=0x00000225b15e7143 sp=0x0000003ae69fda38 mode 0
Event: 2515.818 Thread 0x00000225c077a740 DEOPT PACKING pc=0x00000225b1f1520c sp=0x0000003ae69fe8b0
Event: 2515.818 Thread 0x00000225c077a740 DEOPT UNPACKING pc=0x00000225b15e7143 sp=0x0000003ae69fde18 mode 0
Event: 2515.818 Thread 0x00000225c077a740 DEOPT PACKING pc=0x00000225b194ce4c sp=0x0000003ae69fe9e0
Event: 2515.819 Thread 0x00000225c077a740 DEOPT UNPACKING pc=0x00000225b15e7143 sp=0x0000003ae69fded8 mode 0
Event: 3128.951 Thread 0x00000225c077b670 DEOPT PACKING pc=0x00000225b195f44c sp=0x0000003ae58fde30
Event: 3128.951 Thread 0x00000225c077b670 DEOPT UNPACKING pc=0x00000225b15e7143 sp=0x0000003ae58fd2f0 mode 0
Event: 4936.100 Thread 0x00000225c077c090 DEOPT PACKING pc=0x00000225b2379a34 sp=0x0000003ae58fe900
Event: 4936.100 Thread 0x00000225c077c090 DEOPT UNPACKING pc=0x00000225b15e7143 sp=0x0000003ae58fde50 mode 0
Event: 5212.588 Thread 0x00000225c0dd9f80 DEOPT PACKING pc=0x00000225b1b1bad2 sp=0x0000003ae6ffd0f0
Event: 5212.590 Thread 0x00000225c0dd9f80 DEOPT UNPACKING pc=0x00000225b15e7143 sp=0x0000003ae6ffc5f8 mode 3
Event: 5477.905 Thread 0x00000225c0dda490 DEOPT PACKING pc=0x00000225b22042a6 sp=0x0000003ae5afdf50
Event: 5477.905 Thread 0x00000225c0dda490 DEOPT UNPACKING pc=0x00000225b15e7143 sp=0x0000003ae5afd4d8 mode 0
Event: 5498.326 Thread 0x00000225c0dda490 DEOPT PACKING pc=0x00000225b24d9e84 sp=0x0000003ae5afe140
Event: 5498.326 Thread 0x00000225c0dda490 DEOPT UNPACKING pc=0x00000225b15e7143 sp=0x0000003ae5afd5b8 mode 0

Classes loaded (20 events):
Event: 1705.921 Loading class java/util/concurrent/CompletableFuture$Delayer
Event: 1705.928 Loading class java/util/concurrent/CompletableFuture$Delayer done
Event: 1705.929 Loading class java/util/concurrent/CompletableFuture$Delayer$DaemonThreadFactory
Event: 1705.934 Loading class java/util/concurrent/CompletableFuture$Delayer$DaemonThreadFactory done
Event: 1809.275 Loading class java/util/logging/LogRecord
Event: 1809.281 Loading class java/util/logging/LogRecord done
Event: 2515.626 Loading class sun/nio/cs/ThreadLocalCoders
Event: 2515.627 Loading class sun/nio/cs/ThreadLocalCoders done
Event: 2515.627 Loading class sun/nio/cs/ThreadLocalCoders$1
Event: 2515.627 Loading class sun/nio/cs/ThreadLocalCoders$Cache
Event: 2515.627 Loading class sun/nio/cs/ThreadLocalCoders$Cache done
Event: 2515.627 Loading class sun/nio/cs/ThreadLocalCoders$1 done
Event: 2515.627 Loading class sun/nio/cs/ThreadLocalCoders$2
Event: 2515.627 Loading class sun/nio/cs/ThreadLocalCoders$2 done
Event: 2515.730 Loading class java/util/Hashtable$ValueCollection
Event: 2515.730 Loading class java/util/Hashtable$ValueCollection done
Event: 5212.581 Loading class java/util/concurrent/ConcurrentHashMap$TreeNode
Event: 5212.586 Loading class java/util/concurrent/ConcurrentHashMap$TreeNode done
Event: 5212.586 Loading class java/util/concurrent/ConcurrentHashMap$TreeBin
Event: 5212.586 Loading class java/util/concurrent/ConcurrentHashMap$TreeBin done

Classes unloaded (20 events):
Event: 5689.292 Thread 0x00000225ba336bc0 Unloading class 0x00000001007fb000 'jdk/internal/reflect/GeneratedMethodAccessor34'
Event: 5689.292 Thread 0x00000225ba336bc0 Unloading class 0x00000001007fac00 'jdk/internal/reflect/GeneratedMethodAccessor33'
Event: 5689.292 Thread 0x00000225ba336bc0 Unloading class 0x00000001007fa800 'jdk/internal/reflect/GeneratedMethodAccessor32'
Event: 5858.362 Thread 0x00000225ba336bc0 Unloading class 0x00000001007fac00 'jdk/internal/reflect/GeneratedConstructorAccessor75'
Event: 6230.639 Thread 0x00000225ba336bc0 Unloading class 0x0000000100800c00 'jdk/internal/reflect/GeneratedMethodAccessor43'
Event: 6230.639 Thread 0x00000225ba336bc0 Unloading class 0x0000000100800800 'jdk/internal/reflect/GeneratedConstructorAccessor78'
Event: 6230.639 Thread 0x00000225ba336bc0 Unloading class 0x0000000100800400 'jdk/internal/reflect/GeneratedMethodAccessor42'
Event: 6230.639 Thread 0x00000225ba336bc0 Unloading class 0x0000000100800000 'jdk/internal/reflect/GeneratedConstructorAccessor77'
Event: 6230.639 Thread 0x00000225ba336bc0 Unloading class 0x00000001007fbc00 'jdk/internal/reflect/GeneratedMethodAccessor41'
Event: 6230.639 Thread 0x00000225ba336bc0 Unloading class 0x00000001007fb800 'jdk/internal/reflect/GeneratedMethodAccessor40'
Event: 6230.639 Thread 0x00000225ba336bc0 Unloading class 0x00000001007fb400 'jdk/internal/reflect/GeneratedMethodAccessor39'
Event: 6551.855 Thread 0x00000225ba336bc0 Unloading class 0x0000000100801c00 'jdk/internal/reflect/GeneratedMethodAccessor49'
Event: 6551.855 Thread 0x00000225ba336bc0 Unloading class 0x0000000100801800 'jdk/internal/reflect/GeneratedConstructorAccessor83'
Event: 6551.855 Thread 0x00000225ba336bc0 Unloading class 0x0000000100800c00 'jdk/internal/reflect/GeneratedMethodAccessor48'
Event: 6551.855 Thread 0x00000225ba336bc0 Unloading class 0x0000000100800800 'jdk/internal/reflect/GeneratedConstructorAccessor82'
Event: 6551.855 Thread 0x00000225ba336bc0 Unloading class 0x0000000100800400 'jdk/internal/reflect/GeneratedMethodAccessor47'
Event: 6551.855 Thread 0x00000225ba336bc0 Unloading class 0x0000000100800000 'jdk/internal/reflect/GeneratedMethodAccessor46'
Event: 6551.855 Thread 0x00000225ba336bc0 Unloading class 0x00000001007fbc00 'jdk/internal/reflect/GeneratedMethodAccessor45'
Event: 6551.855 Thread 0x00000225ba336bc0 Unloading class 0x00000001007fb800 'jdk/internal/reflect/GeneratedConstructorAccessor81'
Event: 6551.855 Thread 0x00000225ba336bc0 Unloading class 0x00000001007fb400 'jdk/internal/reflect/GeneratedConstructorAccessor80'

Classes redefined (0 events):
No events

Internal exceptions (20 events):
Event: 6337.823 Thread 0x00000225c077def0 Exception <a 'sun/nio/fs/WindowsException'{0x00000000c69775d0}> (0x00000000c69775d0) 
thrown [s\src\hotspot\share\prims\jni.cpp, line 516]
Event: 6337.823 Thread 0x00000225c077def0 Exception <a 'sun/nio/fs/WindowsException'{0x00000000c6977c88}> (0x00000000c6977c88) 
thrown [s\src\hotspot\share\prims\jni.cpp, line 516]
Event: 6337.823 Thread 0x00000225c077def0 Exception <a 'sun/nio/fs/WindowsException'{0x00000000c6977fe8}> (0x00000000c6977fe8) 
thrown [s\src\hotspot\share\prims\jni.cpp, line 516]
Event: 6337.823 Thread 0x00000225c077def0 Exception <a 'sun/nio/fs/WindowsException'{0x00000000c6978fd8}> (0x00000000c6978fd8) 
thrown [s\src\hotspot\share\prims\jni.cpp, line 516]
Event: 6337.823 Thread 0x00000225c077def0 Exception <a 'sun/nio/fs/WindowsException'{0x00000000c6979380}> (0x00000000c6979380) 
thrown [s\src\hotspot\share\prims\jni.cpp, line 516]
Event: 6337.823 Thread 0x00000225c077def0 Exception <a 'sun/nio/fs/WindowsException'{0x00000000c697a0a8}> (0x00000000c697a0a8) 
thrown [s\src\hotspot\share\prims\jni.cpp, line 516]
Event: 6337.823 Thread 0x00000225c077def0 Exception <a 'sun/nio/fs/WindowsException'{0x00000000c697a760}> (0x00000000c697a760) 
thrown [s\src\hotspot\share\prims\jni.cpp, line 516]
Event: 6337.824 Thread 0x00000225c077def0 Exception <a 'sun/nio/fs/WindowsException'{0x00000000c697aac0}> (0x00000000c697aac0) 
thrown [s\src\hotspot\share\prims\jni.cpp, line 516]
Event: 6337.824 Thread 0x00000225c077def0 Exception <a 'sun/nio/fs/WindowsException'{0x00000000c697bac8}> (0x00000000c697bac8) 
thrown [s\src\hotspot\share\prims\jni.cpp, line 516]
Event: 6337.824 Thread 0x00000225c077def0 Exception <a 'sun/nio/fs/WindowsException'{0x00000000c697be70}> (0x00000000c697be70) 
thrown [s\src\hotspot\share\prims\jni.cpp, line 516]
Event: 6337.908 Thread 0x00000225c077def0 Exception <a 'sun/nio/fs/WindowsException'{0x00000000c8c26fe8}> (0x00000000c8c26fe8) 
thrown [s\src\hotspot\share\prims\jni.cpp, line 516]
Event: 6337.909 Thread 0x00000225c077def0 Exception <a 'sun/nio/fs/WindowsException'{0x00000000c8c27658}> (0x00000000c8c27658) 
thrown [s\src\hotspot\share\prims\jni.cpp, line 516]
Event: 6337.909 Thread 0x00000225c077def0 Exception <a 'sun/nio/fs/WindowsException'{0x00000000c8c279a0}> (0x00000000c8c279a0) 
thrown [s\src\hotspot\share\prims\jni.cpp, line 516]
Event: 6337.909 Thread 0x00000225c077def0 Exception <a 'sun/nio/fs/WindowsException'{0x00000000c8c28960}> (0x00000000c8c28960) 
thrown [s\src\hotspot\share\prims\jni.cpp, line 516]
Event: 6337.909 Thread 0x00000225c077def0 Exception <a 'sun/nio/fs/WindowsException'{0x00000000c8c28ce8}> (0x00000000c8c28ce8) 
thrown [s\src\hotspot\share\prims\jni.cpp, line 516]
Event: 6337.909 Thread 0x00000225c077def0 Exception <a 'sun/nio/fs/WindowsException'{0x00000000c8c29a10}> (0x00000000c8c29a10) 
thrown [s\src\hotspot\share\prims\jni.cpp, line 516]
Event: 6337.909 Thread 0x00000225c077def0 Exception <a 'sun/nio/fs/WindowsException'{0x00000000c8c2a0c8}> (0x00000000c8c2a0c8) 
thrown [s\src\hotspot\share\prims\jni.cpp, line 516]
Event: 6337.909 Thread 0x00000225c077def0 Exception <a 'sun/nio/fs/WindowsException'{0x00000000c8c2a428}> (0x00000000c8c2a428) 
thrown [s\src\hotspot\share\prims\jni.cpp, line 516]
Event: 6337.909 Thread 0x00000225c077def0 Exception <a 'sun/nio/fs/WindowsException'{0x00000000c8c2b418}> (0x00000000c8c2b418) 
thrown [s\src\hotspot\share\prims\jni.cpp, line 516]
Event: 6337.909 Thread 0x00000225c077def0 Exception <a 'sun/nio/fs/WindowsException'{0x00000000c8c2b7c0}> (0x00000000c8c2b7c0) 
thrown [s\src\hotspot\share\prims\jni.cpp, line 516]

VM Operations (20 events):
Event: 6593.338 Executing VM operation: G1CollectFull done
Event: 6603.521 Executing VM operation: G1CollectFull
Event: 6603.557 Executing VM operation: G1CollectFull done
Event: 6613.753 Executing VM operation: G1CollectFull
Event: 6613.799 Executing VM operation: G1CollectFull done
Event: 6623.974 Executing VM operation: G1CollectFull
Event: 6624.028 Executing VM operation: G1CollectFull done
Event: 6634.186 Executing VM operation: G1CollectFull
Event: 6634.230 Executing VM operation: G1CollectFull done
Event: 6644.395 Executing VM operation: G1CollectFull
Event: 6644.427 Executing VM operation: G1CollectFull done
Event: 6654.624 Executing VM operation: G1CollectFull
Event: 6654.662 Executing VM operation: G1CollectFull done
Event: 6664.874 Executing VM operation: G1CollectFull
Event: 6664.919 Executing VM operation: G1CollectFull done
Event: 6675.121 Executing VM operation: G1CollectFull
Event: 6675.156 Executing VM operation: G1CollectFull done
Event: 6685.351 Executing VM operation: G1CollectFull
Event: 6685.395 Executing VM operation: G1CollectFull done
Event: 6695.570 Executing VM operation: G1CollectFull

Events (20 events):
Event: 6254.998 Thread 0x00000225c0dda490 Thread added: 0x00000225c0dda490
Event: 6312.443 Thread 0x00000225c0dd71f0 Thread exited: 0x00000225c0dd71f0
Event: 6315.011 Thread 0x00000225c0dda490 Thread exited: 0x00000225c0dda490
Event: 6316.660 Thread 0x00000225c0dd7700 Thread exited: 0x00000225c0dd7700
Event: 6334.228 Thread 0x00000225c0dda490 Thread added: 0x00000225c0dda490
Event: 6334.391 Thread 0x00000225c0ddaeb0 Thread added: 0x00000225c0ddaeb0
Event: 6336.017 Thread 0x00000225c0dd9560 Thread added: 0x00000225c0dd9560
Event: 6336.112 Thread 0x00000225c0dd61b0 Thread added: 0x00000225c0dd61b0
Event: 6336.643 Thread 0x00000225c0ddcd10 Thread added: 0x00000225c0ddcd10
Event: 6337.691 Thread 0x00000225c0dd61b0 Thread exited: 0x00000225c0dd61b0
Event: 6353.262 Thread 0x00000225c0ddcd10 Thread exited: 0x00000225c0ddcd10
Event: 6424.914 Thread 0x00000225c0dda490 Thread exited: 0x00000225c0dda490
Event: 6435.066 Thread 0x00000225c0dda490 Thread added: 0x00000225c0dda490
Event: 6486.233 Thread 0x00000225c0dd8b40 Thread exited: 0x00000225c0dd8b40
Event: 6537.556 Thread 0x00000225c0ddaeb0 Thread exited: 0x00000225c0ddaeb0
Event: 6537.773 Thread 0x00000225c0dda490 Thread exited: 0x00000225c0dda490
Event: 6539.219 Thread 0x00000225c0dd8120 Thread exited: 0x00000225c0dd8120
Event: 6555.097 Thread 0x00000225c0ddc800 Thread exited: 0x00000225c0ddc800
Event: 6599.219 Thread 0x00000225c0dd9560 Thread exited: 0x00000225c0dd9560
Event: 6659.230 Thread 0x00000225c0ddb3c0 Thread exited: 0x00000225c0ddb3c0


Dynamic libraries:
0x00007ff714f70000 - 0x00007ff714f7e000 	c:\Users\Shreyas Gaikwad\.vscode\extensions\redhat.java-1.34.0-win32-x64\jre\17.0.12-win32-x86_64\bin\java.exe
0x00007fffad270000 - 0x00007fffad487000 	C:\WINDOWS\SYSTEM32\ntdll.dll
0x00007fffac690000 - 0x00007fffac754000 	C:\WINDOWS\System32\KERNEL32.DLL
0x00007fffaaa40000 - 0x00007fffaaded000 	C:\WINDOWS\System32\KERNELBASE.dll
0x00007fffaa750000 - 0x00007fffaa861000 	C:\WINDOWS\System32\ucrtbase.dll
0x00007fff992e0000 - 0x00007fff992f7000 	c:\Users\Shreyas Gaikwad\.vscode\extensions\redhat.java-1.34.0-win32-x64\jre\17.0.12-win32-x86_64\bin\jli.dll
0x00007fffaced0000 - 0x00007fffad07e000 	C:\WINDOWS\System32\USER32.dll
0x00007fffaa9e0000 - 0x00007fffaaa06000 	C:\WINDOWS\System32\win32u.dll
0x00007fffac890000 - 0x00007fffac8b9000 	C:\WINDOWS\System32\GDI32.dll
0x00007fffaa590000 - 0x00007fffaa6a9000 	C:\WINDOWS\System32\gdi32full.dll
0x00007fffaa6b0000 - 0x00007fffaa74a000 	C:\WINDOWS\System32\msvcp_win.dll
0x00007fff97620000 - 0x00007fff9763b000 	c:\Users\Shreyas Gaikwad\.vscode\extensions\redhat.java-1.34.0-win32-x64\jre\17.0.12-win32-x86_64\bin\VCRUNTIME140.dll
0x00007fff96e50000 - 0x00007fff970e3000 	C:\WINDOWS\WinSxS\amd64_microsoft.windows.common-controls_6595b64144ccf1df_6.0.22621.3672_none_2713b9d173822955\COMCTL32.dll
0x00007fffac200000 - 0x00007fffac2a7000 	C:\WINDOWS\System32\msvcrt.dll
0x00007fffac110000 - 0x00007fffac141000 	C:\WINDOWS\System32\IMM32.DLL
0x00007fff98310000 - 0x00007fff9831c000 	c:\Users\Shreyas Gaikwad\.vscode\extensions\redhat.java-1.34.0-win32-x64\jre\17.0.12-win32-x86_64\bin\vcruntime140_1.dll
0x00007fff5ad00000 - 0x00007fff5ad8d000 	c:\Users\Shreyas Gaikwad\.vscode\extensions\redhat.java-1.34.0-win32-x64\jre\17.0.12-win32-x86_64\bin\msvcp140.dll
0x00007fff58380000 - 0x00007fff58fea000 	c:\Users\Shreyas Gaikwad\.vscode\extensions\redhat.java-1.34.0-win32-x64\jre\17.0.12-win32-x86_64\bin\server\jvm.dll
0x00007fffac460000 - 0x00007fffac512000 	C:\WINDOWS\System32\ADVAPI32.dll
0x00007fffac150000 - 0x00007fffac1f9000 	C:\WINDOWS\System32\sechost.dll
0x00007fffaaa10000 - 0x00007fffaaa38000 	C:\WINDOWS\System32\bcrypt.dll
0x00007fffac9a0000 - 0x00007fffacab4000 	C:\WINDOWS\System32\RPCRT4.dll
0x00007fffac520000 - 0x00007fffac591000 	C:\WINDOWS\System32\WS2_32.dll
0x00007fffa9400000 - 0x00007fffa944d000 	C:\WINDOWS\SYSTEM32\POWRPROF.dll
0x00007fffa4a20000 - 0x00007fffa4a54000 	C:\WINDOWS\SYSTEM32\WINMM.dll
0x00007fffa1bb0000 - 0x00007fffa1bba000 	C:\WINDOWS\SYSTEM32\VERSION.dll
0x00007fffa93e0000 - 0x00007fffa93f3000 	C:\WINDOWS\SYSTEM32\UMPDC.dll
0x00007fffa9630000 - 0x00007fffa9648000 	C:\WINDOWS\SYSTEM32\kernel.appcore.dll
0x00007fff94380000 - 0x00007fff9438a000 	c:\Users\Shreyas Gaikwad\.vscode\extensions\redhat.java-1.34.0-win32-x64\jre\17.0.12-win32-x86_64\bin\jimage.dll
0x00007fffa80e0000 - 0x00007fffa8312000 	C:\WINDOWS\SYSTEM32\DBGHELP.DLL
0x00007fffacac0000 - 0x00007ffface4e000 	C:\WINDOWS\System32\combase.dll
0x00007fffac8c0000 - 0x00007fffac997000 	C:\WINDOWS\System32\OLEAUT32.dll
0x00007fff92800000 - 0x00007fff92832000 	C:\WINDOWS\SYSTEM32\dbgcore.DLL
0x00007fffaadf0000 - 0x00007fffaae6b000 	C:\WINDOWS\System32\bcryptPrimitives.dll
0x00007fff6d8e0000 - 0x00007fff6d905000 	c:\Users\Shreyas Gaikwad\.vscode\extensions\redhat.java-1.34.0-win32-x64\jre\17.0.12-win32-x86_64\bin\java.dll
0x00007fff6d8c0000 - 0x00007fff6d8d8000 	c:\Users\Shreyas Gaikwad\.vscode\extensions\redhat.java-1.34.0-win32-x64\jre\17.0.12-win32-x86_64\bin\zip.dll
0x00007fffab8a0000 - 0x00007fffac107000 	C:\WINDOWS\System32\SHELL32.dll
0x00007fffa8480000 - 0x00007fffa8d7f000 	C:\WINDOWS\SYSTEM32\windows.storage.dll
0x00007fffa8320000 - 0x00007fffa845f000 	C:\WINDOWS\SYSTEM32\wintypes.dll
0x00007fffad080000 - 0x00007fffad179000 	C:\WINDOWS\System32\SHCORE.dll
0x00007fffac630000 - 0x00007fffac68e000 	C:\WINDOWS\System32\shlwapi.dll
0x00007fffaa4c0000 - 0x00007fffaa4e7000 	C:\WINDOWS\SYSTEM32\profapi.dll
0x00007fff6d8a0000 - 0x00007fff6d8b9000 	C:\Users\Shreyas Gaikwad\.vscode\extensions\redhat.java-1.34.0-win32-x64\jre\17.0.12-win32-x86_64\bin\net.dll
0x00007fffa5ba0000 - 0x00007fffa5cd6000 	C:\WINDOWS\SYSTEM32\WINHTTP.dll
0x00007fffa9b00000 - 0x00007fffa9b69000 	C:\WINDOWS\system32\mswsock.dll
0x00007fff6d650000 - 0x00007fff6d666000 	C:\Users\Shreyas Gaikwad\.vscode\extensions\redhat.java-1.34.0-win32-x64\jre\17.0.12-win32-x86_64\bin\nio.dll
0x00007fff93c30000 - 0x00007fff93c40000 	c:\Users\Shreyas Gaikwad\.vscode\extensions\redhat.java-1.34.0-win32-x64\jre\17.0.12-win32-x86_64\bin\verify.dll
0x00007fffa9d30000 - 0x00007fffa9d4b000 	C:\WINDOWS\SYSTEM32\CRYPTSP.dll
0x00007fffa95f0000 - 0x00007fffa9625000 	C:\WINDOWS\system32\rsaenh.dll
0x00007fffa9bc0000 - 0x00007fffa9be8000 	C:\WINDOWS\SYSTEM32\USERENV.dll
0x00007fffa9d60000 - 0x00007fffa9d6c000 	C:\WINDOWS\SYSTEM32\CRYPTBASE.dll
0x00007fffa8fa0000 - 0x00007fffa8fcd000 	C:\WINDOWS\SYSTEM32\IPHLPAPI.DLL
0x00007fffac760000 - 0x00007fffac769000 	C:\WINDOWS\System32\NSI.dll
0x00007fffa6350000 - 0x00007fffa6369000 	C:\WINDOWS\SYSTEM32\dhcpcsvc6.DLL
0x00007fffa5fd0000 - 0x00007fffa5fef000 	C:\WINDOWS\SYSTEM32\dhcpcsvc.DLL
0x00007fffa9000000 - 0x00007fffa90f8000 	C:\WINDOWS\SYSTEM32\DNSAPI.dll
0x00007fff94a00000 - 0x00007fff94a09000 	C:\Users\Shreyas Gaikwad\.vscode\extensions\redhat.java-1.34.0-win32-x64\jre\17.0.12-win32-x86_64\bin\management.dll
0x00007fff6e8b0000 - 0x00007fff6e8bb000 	C:\Users\Shreyas Gaikwad\.vscode\extensions\redhat.java-1.34.0-win32-x64\jre\17.0.12-win32-x86_64\bin\management_ext.dll
0x00007fffaafc0000 - 0x00007fffaafc8000 	C:\WINDOWS\System32\PSAPI.DLL
0x00007fff70380000 - 0x00007fff7038e000 	C:\Users\Shreyas Gaikwad\.vscode\extensions\redhat.java-1.34.0-win32-x64\jre\17.0.12-win32-x86_64\bin\sunmscapi.dll
0x00007fffaa870000 - 0x00007fffaa9d6000 	C:\WINDOWS\System32\CRYPT32.dll
0x00007fffa9f50000 - 0x00007fffa9f7e000 	C:\WINDOWS\SYSTEM32\ncrypt.dll
0x00007fffa9f10000 - 0x00007fffa9f47000 	C:\WINDOWS\SYSTEM32\NTASN1.dll
0x00007fff949f0000 - 0x00007fff949f8000 	C:\WINDOWS\system32\wshunix.dll
0x00007fff6f570000 - 0x00007fff6f579000 	C:\Users\Shreyas Gaikwad\.vscode\extensions\redhat.java-1.34.0-win32-x64\jre\17.0.12-win32-x86_64\bin\extnet.dll
0x00007fff964a0000 - 0x00007fff964aa000 	C:\Windows\System32\rasadhlp.dll
0x00007fffa4730000 - 0x00007fffa47b3000 	C:\WINDOWS\System32\fwpuclnt.dll

dbghelp: loaded successfully - version: 4.0.5 - missing functions: none
symbol engine: initialized successfully - sym options: 0x614 - pdb path: .;c:\Users\Shreyas Gaikwad\.vscode\extensions\redhat.java-1.34.0-win32-x64\jre\17.0.12-win32-x86_64\bin;C:\WINDOWS\SYSTEM32;C:\WINDOWS\WinSxS\amd64_microsoft.windows.common-controls_6595b64144ccf1df_6.0.22621.3672_none_2713b9d173822955;c:\Users\Shreyas Gaikwad\.vscode\extensions\redhat.java-1.34.0-win32-x64\jre\17.0.12-win32-x86_64\bin\server

VM Arguments:
jvm_args: -Xmx1024m -Dsts.lsp.client=vscode -Dsts.log.file=/dev/null -XX:TieredStopAtLevel=1 -Xlog:jni+resolve=off 
java_command: c:\Users\Shreyas Gaikwad\.vscode\extensions\vmware.vscode-spring-boot-1.57.0\language-server\spring-boot-language-server-1.57.0-SNAPSHOT-exec.jar
java_class_path (initial): c:\Users\Shreyas Gaikwad\.vscode\extensions\vmware.vscode-spring-boot-1.57.0\language-server\spring-boot-language-server-1.57.0-SNAPSHOT-exec.jar
Launcher Type: SUN_STANDARD

[Global flags]
     intx CICompilerCount                          = 4                                         {product} {ergonomic}
     uint ConcGCThreads                            = 3                                         {product} {ergonomic}
     uint G1ConcRefinementThreads                  = 10                                        {product} {ergonomic}
   size_t G1HeapRegionSize                         = 1048576                                   {product} {ergonomic}
    uintx GCDrainStackTargetSize                   = 64                                        {product} {ergonomic}
   size_t InitialHeapSize                          = 123731968                                 {product} {ergonomic}
   size_t MarkStackSize                            = 4194304                                   {product} {ergonomic}
   size_t MaxHeapSize                              = 1073741824                                {product} {command line}
   size_t MaxNewSize                               = 643825664                                 {product} {ergonomic}
   size_t MinHeapDeltaBytes                        = 1048576                                   {product} {ergonomic}
   size_t MinHeapSize                              = 8388608                                   {product} {ergonomic}
    uintx NonProfiledCodeHeapSize                  = 0                                      {pd product} {ergonomic}
     bool ProfileInterpreter                       = false                                  {pd product} {command line}
    uintx ProfiledCodeHeapSize                     = 0                                      {pd product} {ergonomic}
   size_t SoftMaxHeapSize                          = 1073741824                             {manageable} {ergonomic}
     intx TieredStopAtLevel                        = 1                                         {product} {command line}
     bool UseCompressedClassPointers               = true                           {product lp64_product} {ergonomic}
     bool UseCompressedOops                        = true                           {product lp64_product} {ergonomic}
     bool UseG1GC                                  = true                                      {product} {ergonomic}
     bool UseLargePagesIndividualAllocation        = false                                  {pd product} {ergonomic}

Logging:
Log output configuration:
 #0: stdout all=warning,jni+resolve=off uptime,level,tags
 #1: stderr all=off uptime,level,tags

Environment Variables:
JAVA_HOME=C:\Program Files\Java\jdk-16.0.2
PATH=C:\Program Files\Microsoft MPI\Bin\;D:\WINDOWS.X64_193000_db_home\bin;C:\Program Files\Common Files\Oracle\Java\javapath;C:\Windows\system32;C:\Windows;C:\Windows\System32\Wbem;C:\Windows\System32\WindowsPowerShell\v1.0\;C:\Windows\System32\OpenSSH\;C:\Program Files (x86)\NVIDIA Corporation\PhysX\Common;C:\Program Files\NVIDIA Corporation\NVIDIA NvDLISR;C:\Program Files\Java\jdk-16.0.2\bin;C:\Program Files\Git\cmd;C:\MinGW\bin;D:\GnuWin32\bin;C:\Program Files\Docker\Docker\resources\bin;C:\Program Files\Amazon\AWSCLIV2\;C:\WINDOWS\system32;C:\WINDOWS;C:\WINDOWS\System32\Wbem;C:\WINDOWS\System32\WindowsPowerShell\v1.0\;C:\WINDOWS\System32\OpenSSH\;C:\Program Files (x86)\HP\HP OCR\DB_Lib\;C:\Program Files\HP\Common\HPDestPlgIn\;C:\Program Files (x86)\HP\Common\HPDestPlgIn\;C:\Program Files (x86)\Microsoft SDKs\MPI\;C:\Program Files\Microsoft MPI\Bin;C:\Program Files\nodejs\;C:\Program Files\MySQL\MySQL Shell 8.0\bin\;C:\Users\Shreyas Gaikwad\AppData\Local\Programs\Python\Python39\Scripts\;C:\Users\Shreyas Gaikwad\AppData\Local\Programs\Python\Python39\;C:\Users\Shreyas Gaikwad\AppData\Local\Microsoft\WindowsApps;C:\Users\Shreyas Gaikwad\AppData\Local\Programs\Microsoft VS Code\bin;C:\Program Files\HP\Common\HPDestPlgIn\;C:\Program Files (x86)\HP\Common\HPDestPlgIn\;C:\Program Files (x86)\Microsoft SDKs\MPI\Include;C:\Program Files\Microsoft MPI\Bin;C:\Users\Shreyas Gaikwad\AppData\Roaming\npm
USERNAME=Shreyas Gaikwad
OS=Windows_NT
PROCESSOR_IDENTIFIER=AMD64 Family 23 Model 96 Stepping 1, AuthenticAMD
TMP=C:\Users\SHREYA~1\AppData\Local\Temp
TEMP=C:\Users\SHREYA~1\AppData\Local\Temp



Periodic native trim disabled


---------------  S Y S T E M  ---------------

OS:
 Windows 11 , 64 bit Build 22621 (10.0.22621.3958)
OS uptime: 7 days 0:19 hours
Hyper-V role detected

CPU: total 12 (initial active 12) (12 cores per cpu, 2 threads per core) family 23 model 96 stepping 1 microcode 0x0, cx8, cmov, fxsr, ht, mmx, 3dnowpref, sse, sse2, sse3, ssse3, sse4a, sse4.1, sse4.2, popcnt, lzcnt, tsc, tscinvbit, avx, avx2, aes, clmul, bmi1, bmi2, adx, sha, fma, vzeroupper, clflush, clflushopt, hv
Processor Information for all 12 processors :
  Max Mhz: 3000, Current Mhz: 3000, Mhz Limit: 3000

Memory: 4k page, system-wide physical 7549M (328M free)
TotalPageFile size 31101M (AvailPageFile size 11M)
current process WorkingSet (physical memory assigned to process): 213M, peak: 245M
current process commit charge ("private bytes"): 347M, peak: 407M

vm_info: OpenJDK 64-Bit Server VM (17.0.12+7) for windows-amd64 JRE (17.0.12+7), built on Jul 16 2024 22:08:24 by "admin" with MS VC++ 16.10 / 16.11 (VS2019)

END.
